{"/home/travis/build/npmtest/node-npmtest-grapnel.js/test.js":{"path":"/home/travis/build/npmtest/node-npmtest-grapnel.js/test.js","s":{"1":2,"2":2,"3":2,"4":2,"5":2,"6":2,"7":2,"8":1,"9":2,"10":2,"11":1,"12":1,"13":1,"14":1,"15":2,"16":2,"17":2,"18":2,"19":1,"20":1,"21":2,"22":2,"23":2,"24":1,"25":1,"26":1,"27":1,"28":1,"29":1,"30":1,"31":1,"32":1,"33":1,"34":1,"35":1,"36":1,"37":1,"38":1,"39":2,"40":2,"41":1,"42":2,"43":2,"44":1,"45":2,"46":2,"47":1,"48":2,"49":2,"50":1,"51":1,"52":1,"53":1,"54":1},"b":{"1":[2,1,1,1],"2":[1,1,1,1],"3":[1,1],"4":[1,1],"5":[1,1],"6":[1,1],"7":[1,1],"8":[1,1],"9":[1,1],"10":[1,1,1],"11":[1,1],"12":[1,1],"13":[1,1],"14":[1,1],"15":[1,1],"16":[1,1],"17":[1,1]},"f":{"1":2,"2":2,"3":2,"4":2,"5":2,"6":1,"7":1,"8":1,"9":2,"10":2,"11":2,"12":2,"13":1},"fnMap":{"1":{"name":"(anonymous_1)","line":12,"loc":{"start":{"line":12,"column":1},"end":{"line":12,"column":13}}},"2":{"name":"(anonymous_2)","line":19,"loc":{"start":{"line":19,"column":5},"end":{"line":19,"column":17}}},"3":{"name":"(anonymous_3)","line":23,"loc":{"start":{"line":23,"column":24},"end":{"line":23,"column":36}}},"4":{"name":"(anonymous_4)","line":61,"loc":{"start":{"line":61,"column":5},"end":{"line":61,"column":17}}},"5":{"name":"(anonymous_5)","line":82,"loc":{"start":{"line":82,"column":5},"end":{"line":82,"column":17}}},"6":{"name":"(anonymous_6)","line":91,"loc":{"start":{"line":91,"column":77},"end":{"line":94,"column":10}}},"7":{"name":"(anonymous_7)","line":112,"loc":{"start":{"line":112,"column":83},"end":{"line":115,"column":10}},"skip":true},"8":{"name":"(anonymous_8)","line":123,"loc":{"start":{"line":123,"column":77},"end":{"line":126,"column":10}},"skip":true},"9":{"name":"(anonymous_9)","line":139,"loc":{"start":{"line":139,"column":12},"end":{"line":139,"column":40}},"skip":true},"10":{"name":"(anonymous_10)","line":147,"loc":{"start":{"line":147,"column":77},"end":{"line":150,"column":10}},"skip":true},"11":{"name":"(anonymous_11)","line":158,"loc":{"start":{"line":158,"column":83},"end":{"line":161,"column":10}},"skip":true},"12":{"name":"(anonymous_12)","line":169,"loc":{"start":{"line":169,"column":79},"end":{"line":172,"column":10}},"skip":true},"13":{"name":"(anonymous_13)","line":180,"loc":{"start":{"line":180,"column":75},"end":{"line":183,"column":10}},"skip":true}},"statementMap":{"1":{"start":{"line":12,"column":0},"end":{"line":195,"column":5}},"2":{"start":{"line":14,"column":4},"end":{"line":14,"column":14}},"3":{"start":{"line":19,"column":4},"end":{"line":56,"column":9}},"4":{"start":{"line":21,"column":8},"end":{"line":21,"column":19}},"5":{"start":{"line":23,"column":8},"end":{"line":35,"column":13}},"6":{"start":{"line":24,"column":12},"end":{"line":34,"column":13}},"7":{"start":{"line":25,"column":16},"end":{"line":28,"column":30}},"8":{"start":{"line":30,"column":16},"end":{"line":33,"column":27}},"9":{"start":{"line":37,"column":8},"end":{"line":39,"column":21}},"10":{"start":{"line":40,"column":8},"end":{"line":53,"column":9}},"11":{"start":{"line":43,"column":12},"end":{"line":46,"column":14}},"12":{"start":{"line":47,"column":12},"end":{"line":47,"column":18}},"13":{"start":{"line":50,"column":12},"end":{"line":51,"column":33}},"14":{"start":{"line":52,"column":12},"end":{"line":52,"column":18}},"15":{"start":{"line":55,"column":8},"end":{"line":55,"column":35}},"16":{"start":{"line":61,"column":4},"end":{"line":63,"column":9}},"17":{"start":{"line":62,"column":8},"end":{"line":62,"column":15}},"18":{"start":{"line":64,"column":4},"end":{"line":77,"column":5}},"19":{"start":{"line":70,"column":8},"end":{"line":70,"column":14}},"20":{"start":{"line":76,"column":8},"end":{"line":76,"column":14}},"21":{"start":{"line":82,"column":4},"end":{"line":84,"column":9}},"22":{"start":{"line":83,"column":8},"end":{"line":83,"column":15}},"23":{"start":{"line":85,"column":4},"end":{"line":194,"column":5}},"24":{"start":{"line":91,"column":8},"end":{"line":99,"column":10}},"25":{"start":{"line":98,"column":12},"end":{"line":98,"column":35}},"26":{"start":{"line":102,"column":8},"end":{"line":104,"column":63}},"27":{"start":{"line":105,"column":8},"end":{"line":105,"column":14}},"28":{"start":{"line":112,"column":8},"end":{"line":121,"column":10},"skip":true},"29":{"start":{"line":119,"column":12},"end":{"line":119,"column":55},"skip":true},"30":{"start":{"line":120,"column":12},"end":{"line":120,"column":48},"skip":true},"31":{"start":{"line":123,"column":8},"end":{"line":136,"column":10},"skip":true},"32":{"start":{"line":130,"column":12},"end":{"line":130,"column":76},"skip":true},"33":{"start":{"line":131,"column":12},"end":{"line":131,"column":73},"skip":true},"34":{"start":{"line":132,"column":12},"end":{"line":132,"column":74},"skip":true},"35":{"start":{"line":133,"column":12},"end":{"line":133,"column":79},"skip":true},"36":{"start":{"line":134,"column":12},"end":{"line":134,"column":25},"skip":true},"37":{"start":{"line":135,"column":12},"end":{"line":135,"column":45},"skip":true},"38":{"start":{"line":138,"column":8},"end":{"line":145,"column":14},"skip":true},"39":{"start":{"line":143,"column":16},"end":{"line":143,"column":29},"skip":true},"40":{"start":{"line":144,"column":16},"end":{"line":144,"column":55},"skip":true},"41":{"start":{"line":147,"column":8},"end":{"line":156,"column":10},"skip":true},"42":{"start":{"line":154,"column":12},"end":{"line":154,"column":25},"skip":true},"43":{"start":{"line":155,"column":12},"end":{"line":155,"column":45},"skip":true},"44":{"start":{"line":158,"column":8},"end":{"line":167,"column":10},"skip":true},"45":{"start":{"line":165,"column":12},"end":{"line":165,"column":25},"skip":true},"46":{"start":{"line":166,"column":12},"end":{"line":166,"column":48},"skip":true},"47":{"start":{"line":169,"column":8},"end":{"line":178,"column":10},"skip":true},"48":{"start":{"line":176,"column":12},"end":{"line":176,"column":25},"skip":true},"49":{"start":{"line":177,"column":12},"end":{"line":177,"column":46},"skip":true},"50":{"start":{"line":180,"column":8},"end":{"line":189,"column":10},"skip":true},"51":{"start":{"line":187,"column":12},"end":{"line":187,"column":94},"skip":true},"52":{"start":{"line":188,"column":12},"end":{"line":188,"column":48},"skip":true},"53":{"start":{"line":192,"column":8},"end":{"line":192,"column":35},"skip":true},"54":{"start":{"line":193,"column":8},"end":{"line":193,"column":14},"skip":true}},"branchMap":{"1":{"line":25,"type":"binary-expr","locations":[{"start":{"line":25,"column":23},"end":{"line":25,"column":62}},{"start":{"line":26,"column":20},"end":{"line":26,"column":70}},{"start":{"line":27,"column":20},"end":{"line":27,"column":71}},{"start":{"line":28,"column":20},"end":{"line":28,"column":29}}]},"2":{"line":30,"type":"binary-expr","locations":[{"start":{"line":30,"column":23},"end":{"line":30,"column":37}},{"start":{"line":31,"column":20},"end":{"line":31,"column":61}},{"start":{"line":32,"column":20},"end":{"line":32,"column":70}},{"start":{"line":33,"column":20},"end":{"line":33,"column":26}}]},"3":{"line":37,"type":"cond-expr","locations":[{"start":{"line":38,"column":14},"end":{"line":38,"column":20}},{"start":{"line":39,"column":14},"end":{"line":39,"column":20}}]},"4":{"line":40,"type":"switch","locations":[{"start":{"line":42,"column":8},"end":{"line":47,"column":18}},{"start":{"line":49,"column":8},"end":{"line":52,"column":18}}]},"5":{"line":44,"type":"binary-expr","locations":[{"start":{"line":44,"column":16},"end":{"line":44,"column":44}},{"start":{"line":44,"column":48},"end":{"line":44,"column":66}}]},"6":{"line":50,"type":"binary-expr","locations":[{"start":{"line":50,"column":21},"end":{"line":50,"column":49}},{"start":{"line":50,"column":53},"end":{"line":50,"column":72}}]},"7":{"line":64,"type":"switch","locations":[{"start":{"line":69,"column":4},"end":{"line":70,"column":14}},{"start":{"line":75,"column":4},"end":{"line":76,"column":14}}]},"8":{"line":85,"type":"switch","locations":[{"start":{"line":90,"column":4},"end":{"line":105,"column":14}},{"start":{"line":111,"column":4},"end":{"line":193,"column":14},"skip":true}]},"9":{"line":91,"type":"binary-expr","locations":[{"start":{"line":91,"column":42},"end":{"line":91,"column":73}},{"start":{"line":91,"column":77},"end":{"line":99,"column":9}}]},"10":{"line":102,"type":"binary-expr","locations":[{"start":{"line":102,"column":18},"end":{"line":102,"column":32}},{"start":{"line":103,"column":12},"end":{"line":103,"column":53}},{"start":{"line":104,"column":12},"end":{"line":104,"column":61}}]},"11":{"line":112,"type":"binary-expr","locations":[{"start":{"line":112,"column":45},"end":{"line":112,"column":79},"skip":true},{"start":{"line":112,"column":83},"end":{"line":121,"column":9},"skip":true}]},"12":{"line":123,"type":"binary-expr","locations":[{"start":{"line":123,"column":42},"end":{"line":123,"column":73},"skip":true},{"start":{"line":123,"column":77},"end":{"line":136,"column":9},"skip":true}]},"13":{"line":138,"type":"binary-expr","locations":[{"start":{"line":138,"column":48},"end":{"line":138,"column":85},"skip":true},{"start":{"line":139,"column":12},"end":{"line":145,"column":13},"skip":true}]},"14":{"line":147,"type":"binary-expr","locations":[{"start":{"line":147,"column":42},"end":{"line":147,"column":73},"skip":true},{"start":{"line":147,"column":77},"end":{"line":156,"column":9},"skip":true}]},"15":{"line":158,"type":"binary-expr","locations":[{"start":{"line":158,"column":45},"end":{"line":158,"column":79},"skip":true},{"start":{"line":158,"column":83},"end":{"line":167,"column":9},"skip":true}]},"16":{"line":169,"type":"binary-expr","locations":[{"start":{"line":169,"column":43},"end":{"line":169,"column":75},"skip":true},{"start":{"line":169,"column":79},"end":{"line":178,"column":9},"skip":true}]},"17":{"line":180,"type":"binary-expr","locations":[{"start":{"line":180,"column":41},"end":{"line":180,"column":71},"skip":true},{"start":{"line":180,"column":75},"end":{"line":189,"column":9},"skip":true}]}},"code":["/* istanbul instrument in package npmtest_grapnel_js */","/*jslint","    bitwise: true,","    browser: true,","    maxerr: 8,","    maxlen: 96,","    node: true,","    nomen: true,","    regexp: true,","    stupid: true","*/","(function () {","    'use strict';","    var local;","","","","    // run shared js-env code - pre-init","    (function () {","        // init local","        local = {};","        // init modeJs","        local.modeJs = (function () {","            try {","                return typeof navigator.userAgent === 'string' &&","                    typeof document.querySelector('body') === 'object' &&","                    typeof XMLHttpRequest.prototype.open === 'function' &&","                    'browser';","            } catch (errorCaughtBrowser) {","                return module.exports &&","                    typeof process.versions.node === 'string' &&","                    typeof require('http').createServer === 'function' &&","                    'node';","            }","        }());","        // init global","        local.global = local.modeJs === 'browser'","            ? window","            : global;","        switch (local.modeJs) {","        // re-init local from window.local","        case 'browser':","            local = local.global.utility2.objectSetDefault(","                local.global.utility2_rollup || local.global.local,","                local.global.utility2","            );","            break;","        // re-init local from example.js","        case 'node':","            local = (local.global.utility2_rollup || require('utility2'))","                .requireReadme();","            break;","        }","        // export local","        local.global.local = local;","    }());","","","","    // run shared js-env code - function","    (function () {","        return;","    }());","    switch (local.modeJs) {","","","","    // run browser js-env code - function","    case 'browser':","        break;","","","","    // run node js-env code - function","    case 'node':","        break;","    }","","","","    // run shared js-env code - post-init","    (function () {","        return;","    }());","    switch (local.modeJs) {","","","","    // run browser js-env code - post-init","    case 'browser':","        local.testCase_browser_nullCase = local.testCase_browser_nullCase || function (","            options,","            onError","        ) {","        /*","         * this function will test browsers's null-case handling-behavior-behavior","         */","            onError(null, options);","        };","","        // run tests","        local.nop(local.modeTest &&","            document.querySelector('#testRunButton1') &&","            document.querySelector('#testRunButton1').click());","        break;","","","","    // run node js-env code - post-init","    /* istanbul ignore next */","    case 'node':","        local.testCase_buildApidoc_default = local.testCase_buildApidoc_default || function (","            options,","            onError","        ) {","        /*","         * this function will test buildApidoc's default handling-behavior-behavior","         */","            options = { modulePathList: module.paths };","            local.buildApidoc(options, onError);","        };","","        local.testCase_buildApp_default = local.testCase_buildApp_default || function (","            options,","            onError","        ) {","        /*","         * this function will test buildApp's default handling-behavior-behavior","         */","            local.testCase_buildReadme_default(options, local.onErrorThrow);","            local.testCase_buildLib_default(options, local.onErrorThrow);","            local.testCase_buildTest_default(options, local.onErrorThrow);","            local.testCase_buildCustomOrg_default(options, local.onErrorThrow);","            options = [];","            local.buildApp(options, onError);","        };","","        local.testCase_buildCustomOrg_default = local.testCase_buildCustomOrg_default ||","            function (options, onError) {","            /*","             * this function will test buildCustomOrg's default handling-behavior","             */","                options = {};","                local.buildCustomOrg(options, onError);","            };","","        local.testCase_buildLib_default = local.testCase_buildLib_default || function (","            options,","            onError","        ) {","        /*","         * this function will test buildLib's default handling-behavior","         */","            options = {};","            local.buildLib(options, onError);","        };","","        local.testCase_buildReadme_default = local.testCase_buildReadme_default || function (","            options,","            onError","        ) {","        /*","         * this function will test buildReadme's default handling-behavior-behavior","         */","            options = {};","            local.buildReadme(options, onError);","        };","","        local.testCase_buildTest_default = local.testCase_buildTest_default || function (","            options,","            onError","        ) {","        /*","         * this function will test buildTest's default handling-behavior","         */","            options = {};","            local.buildTest(options, onError);","        };","","        local.testCase_webpage_default = local.testCase_webpage_default || function (","            options,","            onError","        ) {","        /*","         * this function will test webpage's default handling-behavior","         */","            options = { modeCoverageMerge: true, url: local.serverLocalHost + '?modeTest=1' };","            local.browserTest(options, onError);","        };","","        // run test-server","        local.testRunServer(local);","        break;","    }","}());",""],"l":{"12":2,"14":2,"19":2,"21":2,"23":2,"24":2,"25":2,"30":1,"37":2,"40":2,"43":1,"47":1,"50":1,"52":1,"55":2,"61":2,"62":2,"64":2,"70":1,"76":1,"82":2,"83":2,"85":2,"91":1,"98":1,"102":1,"105":1,"112":1,"119":1,"120":1,"123":1,"130":1,"131":1,"132":1,"133":1,"134":1,"135":1,"138":1,"143":2,"144":2,"147":1,"154":2,"155":2,"158":1,"165":2,"166":2,"169":1,"176":2,"177":2,"180":1,"187":1,"188":1,"192":1,"193":1}},"/home/travis/build/npmtest/node-npmtest-grapnel.js/lib.npmtest_grapnel.js.js":{"path":"/home/travis/build/npmtest/node-npmtest-grapnel.js/lib.npmtest_grapnel.js.js","s":{"1":2,"2":2,"3":2,"4":2,"5":2,"6":2,"7":2,"8":1,"9":2,"10":2,"11":2,"12":2,"13":1,"14":1,"15":1,"16":1},"b":{"1":[2,1,1,1],"2":[1,1,1,1],"3":[1,1],"4":[2,2],"5":[1,1]},"f":{"1":2,"2":2,"3":2},"fnMap":{"1":{"name":"(anonymous_1)","line":12,"loc":{"start":{"line":12,"column":1},"end":{"line":12,"column":13}}},"2":{"name":"(anonymous_2)","line":19,"loc":{"start":{"line":19,"column":5},"end":{"line":19,"column":17}}},"3":{"name":"(anonymous_3)","line":23,"loc":{"start":{"line":23,"column":24},"end":{"line":23,"column":36}}}},"statementMap":{"1":{"start":{"line":12,"column":0},"end":{"line":53,"column":5}},"2":{"start":{"line":14,"column":4},"end":{"line":14,"column":14}},"3":{"start":{"line":19,"column":4},"end":{"line":52,"column":9}},"4":{"start":{"line":21,"column":8},"end":{"line":21,"column":19}},"5":{"start":{"line":23,"column":8},"end":{"line":35,"column":13}},"6":{"start":{"line":24,"column":12},"end":{"line":34,"column":13}},"7":{"start":{"line":25,"column":16},"end":{"line":28,"column":30}},"8":{"start":{"line":30,"column":16},"end":{"line":33,"column":27}},"9":{"start":{"line":37,"column":8},"end":{"line":39,"column":21}},"10":{"start":{"line":41,"column":8},"end":{"line":41,"column":54}},"11":{"start":{"line":43,"column":8},"end":{"line":43,"column":55}},"12":{"start":{"line":45,"column":8},"end":{"line":51,"column":9}},"13":{"start":{"line":46,"column":12},"end":{"line":46,"column":61}},"14":{"start":{"line":48,"column":12},"end":{"line":48,"column":35}},"15":{"start":{"line":49,"column":12},"end":{"line":49,"column":49}},"16":{"start":{"line":50,"column":12},"end":{"line":50,"column":43}}},"branchMap":{"1":{"line":25,"type":"binary-expr","locations":[{"start":{"line":25,"column":23},"end":{"line":25,"column":62}},{"start":{"line":26,"column":20},"end":{"line":26,"column":70}},{"start":{"line":27,"column":20},"end":{"line":27,"column":71}},{"start":{"line":28,"column":20},"end":{"line":28,"column":29}}]},"2":{"line":30,"type":"binary-expr","locations":[{"start":{"line":30,"column":23},"end":{"line":30,"column":37}},{"start":{"line":31,"column":20},"end":{"line":31,"column":61}},{"start":{"line":32,"column":20},"end":{"line":32,"column":70}},{"start":{"line":33,"column":20},"end":{"line":33,"column":26}}]},"3":{"line":37,"type":"cond-expr","locations":[{"start":{"line":38,"column":14},"end":{"line":38,"column":20}},{"start":{"line":39,"column":14},"end":{"line":39,"column":20}}]},"4":{"line":41,"type":"binary-expr","locations":[{"start":{"line":41,"column":16},"end":{"line":41,"column":44}},{"start":{"line":41,"column":48},"end":{"line":41,"column":53}}]},"5":{"line":45,"type":"if","locations":[{"start":{"line":45,"column":8},"end":{"line":45,"column":8}},{"start":{"line":45,"column":8},"end":{"line":45,"column":8}}]}},"code":["/* istanbul instrument in package npmtest_grapnel_js */","/*jslint","    bitwise: true,","    browser: true,","    maxerr: 8,","    maxlen: 96,","    node: true,","    nomen: true,","    regexp: true,","    stupid: true","*/","(function () {","    'use strict';","    var local;","","","","    // run shared js-env code - pre-init","    (function () {","        // init local","        local = {};","        // init modeJs","        local.modeJs = (function () {","            try {","                return typeof navigator.userAgent === 'string' &&","                    typeof document.querySelector('body') === 'object' &&","                    typeof XMLHttpRequest.prototype.open === 'function' &&","                    'browser';","            } catch (errorCaughtBrowser) {","                return module.exports &&","                    typeof process.versions.node === 'string' &&","                    typeof require('http').createServer === 'function' &&","                    'node';","            }","        }());","        // init global","        local.global = local.modeJs === 'browser'","            ? window","            : global;","        // init utility2_rollup","        local = local.global.utility2_rollup || local;","        // init lib","        local.local = local.npmtest_grapnel_js = local;","        // init exports","        if (local.modeJs === 'browser') {","            local.global.utility2_npmtest_grapnel_js = local;","        } else {","            module.exports = local;","            module.exports.__dirname = __dirname;","            module.exports.module = module;","        }","    }());","}());",""],"l":{"12":2,"14":2,"19":2,"21":2,"23":2,"24":2,"25":2,"30":1,"37":2,"41":2,"43":2,"45":2,"46":1,"48":1,"49":1,"50":1}},"/home/travis/build/npmtest/node-npmtest-grapnel.js/example.js":{"path":"/home/travis/build/npmtest/node-npmtest-grapnel.js/example.js","s":{"1":2,"2":2,"3":2,"4":2,"5":2,"6":2,"7":2,"8":1,"9":2,"10":2,"11":2,"12":2,"13":1,"14":2,"15":2,"16":2,"17":2,"18":2,"19":0,"20":2,"21":1,"22":1,"23":1,"24":1,"25":1,"26":0,"27":0,"28":1,"29":1,"30":2,"31":0,"32":0,"33":0,"34":1,"35":2,"36":2,"37":3,"38":3,"39":3,"40":3,"41":0,"42":3,"43":3,"44":3,"45":1,"46":3,"47":1,"48":1,"49":1,"50":1,"51":1,"52":1,"53":1,"54":1,"55":1,"56":1,"57":0,"58":1,"59":6,"60":6,"61":1,"62":2,"63":0,"64":2,"65":1,"66":1,"67":0,"68":0,"69":0,"70":0,"71":0,"72":0,"73":0,"74":0,"75":0,"76":0,"77":0,"78":0,"79":0,"80":0,"81":0,"82":0,"83":0},"b":{"1":[2,1,1,1],"2":[1,1,1,1],"3":[1,1],"4":[2,2],"5":[1,1],"6":[1,1],"7":[2,0],"8":[2,1,1,1,1,1],"9":[0,2,0],"10":[1,1],"11":[2,1,1],"12":[1,0],"13":[0,2],"14":[2,0,0,0,0,0,0],"15":[0,3],"16":[3,0],"17":[1,1],"18":[0,1],"19":[1,2,0,2],"20":[1,0],"21":[1,1],"22":[0,0],"23":[0,0],"24":[0,0],"25":[0,0],"26":[0,0],"27":[0,0],"28":[0,0]},"f":{"1":2,"2":2,"3":2,"4":2,"5":2,"6":2,"7":3,"8":3,"9":3,"10":1,"11":6,"12":0},"fnMap":{"1":{"name":"(anonymous_1)","line":26,"loc":{"start":{"line":26,"column":1},"end":{"line":26,"column":13}}},"2":{"name":"(anonymous_2)","line":33,"loc":{"start":{"line":33,"column":5},"end":{"line":33,"column":17}}},"3":{"name":"(anonymous_3)","line":37,"loc":{"start":{"line":37,"column":24},"end":{"line":37,"column":36}}},"4":{"name":"(anonymous_4)","line":69,"loc":{"start":{"line":69,"column":31},"end":{"line":69,"column":48}},"skip":true},"5":{"name":"(anonymous_5)","line":78,"loc":{"start":{"line":78,"column":26},"end":{"line":78,"column":45}},"skip":true},"6":{"name":"(anonymous_6)","line":123,"loc":{"start":{"line":123,"column":33},"end":{"line":123,"column":48}},"skip":true},"7":{"name":"(anonymous_7)","line":125,"loc":{"start":{"line":125,"column":27},"end":{"line":125,"column":39}},"skip":true},"8":{"name":"(anonymous_8)","line":133,"loc":{"start":{"line":133,"column":59},"end":{"line":133,"column":74}},"skip":true},"9":{"name":"(anonymous_9)","line":143,"loc":{"start":{"line":143,"column":45},"end":{"line":143,"column":62}},"skip":true},"10":{"name":"(anonymous_10)","line":144,"loc":{"start":{"line":144,"column":73},"end":{"line":144,"column":92}},"skip":true},"11":{"name":"(anonymous_11)","line":272,"loc":{"start":{"line":272,"column":51},"end":{"line":272,"column":77}},"skip":true},"12":{"name":"(anonymous_12)","line":315,"loc":{"start":{"line":315,"column":32},"end":{"line":315,"column":61}},"skip":true}},"statementMap":{"1":{"start":{"line":26,"column":0},"end":{"line":326,"column":5}},"2":{"start":{"line":28,"column":4},"end":{"line":28,"column":14}},"3":{"start":{"line":33,"column":4},"end":{"line":60,"column":9}},"4":{"start":{"line":35,"column":8},"end":{"line":35,"column":19}},"5":{"start":{"line":37,"column":8},"end":{"line":49,"column":13}},"6":{"start":{"line":38,"column":12},"end":{"line":48,"column":13}},"7":{"start":{"line":39,"column":16},"end":{"line":42,"column":30}},"8":{"start":{"line":44,"column":16},"end":{"line":47,"column":27}},"9":{"start":{"line":51,"column":8},"end":{"line":53,"column":21}},"10":{"start":{"line":55,"column":8},"end":{"line":57,"column":45}},"11":{"start":{"line":59,"column":8},"end":{"line":59,"column":35}},"12":{"start":{"line":61,"column":4},"end":{"line":325,"column":5}},"13":{"start":{"line":69,"column":8},"end":{"line":121,"column":10},"skip":true},"14":{"start":{"line":70,"column":12},"end":{"line":88,"column":13},"skip":true},"15":{"start":{"line":76,"column":16},"end":{"line":87,"column":19},"skip":true},"16":{"start":{"line":79,"column":20},"end":{"line":86,"column":21},"skip":true},"17":{"start":{"line":82,"column":24},"end":{"line":82,"column":43},"skip":true},"18":{"start":{"line":83,"column":24},"end":{"line":83,"column":30},"skip":true},"19":{"start":{"line":85,"column":24},"end":{"line":85,"column":49},"skip":true},"20":{"start":{"line":89,"column":12},"end":{"line":107,"column":13},"skip":true},"21":{"start":{"line":92,"column":16},"end":{"line":102,"column":17},"skip":true},"22":{"start":{"line":93,"column":20},"end":{"line":93,"column":86},"skip":true},"23":{"start":{"line":94,"column":20},"end":{"line":95,"column":45},"skip":true},"24":{"start":{"line":96,"column":20},"end":{"line":96,"column":42},"skip":true},"25":{"start":{"line":97,"column":20},"end":{"line":97,"column":48},"skip":true},"26":{"start":{"line":100,"column":20},"end":{"line":100,"column":85},"skip":true},"27":{"start":{"line":101,"column":20},"end":{"line":101,"column":96},"skip":true},"28":{"start":{"line":103,"column":16},"end":{"line":103,"column":22},"skip":true},"29":{"start":{"line":106,"column":16},"end":{"line":106,"column":22},"skip":true},"30":{"start":{"line":108,"column":12},"end":{"line":120,"column":13},"skip":true},"31":{"start":{"line":114,"column":16},"end":{"line":119,"column":17},"skip":true},"32":{"start":{"line":116,"column":20},"end":{"line":116,"column":78},"skip":true},"33":{"start":{"line":118,"column":20},"end":{"line":118,"column":47},"skip":true},"34":{"start":{"line":123,"column":8},"end":{"line":141,"column":11},"skip":true},"35":{"start":{"line":124,"column":12},"end":{"line":124,"column":54},"skip":true},"36":{"start":{"line":125,"column":12},"end":{"line":140,"column":14},"skip":true},"37":{"start":{"line":126,"column":16},"end":{"line":126,"column":28},"skip":true},"38":{"start":{"line":127,"column":16},"end":{"line":127,"column":69},"skip":true},"39":{"start":{"line":128,"column":16},"end":{"line":128,"column":75},"skip":true},"40":{"start":{"line":129,"column":16},"end":{"line":131,"column":17},"skip":true},"41":{"start":{"line":130,"column":20},"end":{"line":130,"column":27},"skip":true},"42":{"start":{"line":133,"column":16},"end":{"line":137,"column":36},"skip":true},"43":{"start":{"line":134,"column":20},"end":{"line":136,"column":55},"skip":true},"44":{"start":{"line":139,"column":16},"end":{"line":139,"column":57},"skip":true},"45":{"start":{"line":143,"column":8},"end":{"line":147,"column":11},"skip":true},"46":{"start":{"line":144,"column":12},"end":{"line":146,"column":15},"skip":true},"47":{"start":{"line":145,"column":16},"end":{"line":145,"column":70},"skip":true},"48":{"start":{"line":149,"column":8},"end":{"line":149,"column":31},"skip":true},"49":{"start":{"line":150,"column":8},"end":{"line":150,"column":14},"skip":true},"50":{"start":{"line":158,"column":8},"end":{"line":158,"column":31},"skip":true},"51":{"start":{"line":160,"column":8},"end":{"line":160,"column":33},"skip":true},"52":{"start":{"line":161,"column":8},"end":{"line":161,"column":37},"skip":true},"53":{"start":{"line":162,"column":8},"end":{"line":162,"column":35},"skip":true},"54":{"start":{"line":164,"column":8},"end":{"line":164,"column":50},"skip":true},"55":{"start":{"line":166,"column":8},"end":{"line":256,"column":2},"skip":true},"56":{"start":{"line":258,"column":8},"end":{"line":286,"column":9},"skip":true},"57":{"start":{"line":259,"column":12},"end":{"line":269,"column":14},"skip":true},"58":{"start":{"line":271,"column":12},"end":{"line":285,"column":19},"skip":true},"59":{"start":{"line":274,"column":20},"end":{"line":274,"column":35},"skip":true},"60":{"start":{"line":275,"column":20},"end":{"line":284,"column":21},"skip":true},"61":{"start":{"line":277,"column":24},"end":{"line":277,"column":64},"skip":true},"62":{"start":{"line":279,"column":24},"end":{"line":279,"column":40},"skip":true},"63":{"start":{"line":281,"column":24},"end":{"line":281,"column":40},"skip":true},"64":{"start":{"line":283,"column":24},"end":{"line":283,"column":39},"skip":true},"65":{"start":{"line":288,"column":8},"end":{"line":290,"column":9},"skip":true},"66":{"start":{"line":289,"column":12},"end":{"line":289,"column":18},"skip":true},"67":{"start":{"line":291,"column":8},"end":{"line":293,"column":54},"skip":true},"68":{"start":{"line":296,"column":8},"end":{"line":301,"column":37},"skip":true},"69":{"start":{"line":303,"column":8},"end":{"line":303,"column":82},"skip":true},"70":{"start":{"line":306,"column":8},"end":{"line":308,"column":9},"skip":true},"71":{"start":{"line":307,"column":12},"end":{"line":307,"column":82},"skip":true},"72":{"start":{"line":310,"column":8},"end":{"line":312,"column":9},"skip":true},"73":{"start":{"line":311,"column":12},"end":{"line":311,"column":18},"skip":true},"74":{"start":{"line":313,"column":8},"end":{"line":313,"column":54},"skip":true},"75":{"start":{"line":314,"column":8},"end":{"line":314,"column":69},"skip":true},"76":{"start":{"line":315,"column":8},"end":{"line":323,"column":36},"skip":true},"77":{"start":{"line":316,"column":12},"end":{"line":316,"column":61},"skip":true},"78":{"start":{"line":317,"column":12},"end":{"line":320,"column":13},"skip":true},"79":{"start":{"line":318,"column":16},"end":{"line":318,"column":75},"skip":true},"80":{"start":{"line":319,"column":16},"end":{"line":319,"column":23},"skip":true},"81":{"start":{"line":321,"column":12},"end":{"line":321,"column":38},"skip":true},"82":{"start":{"line":322,"column":12},"end":{"line":322,"column":27},"skip":true},"83":{"start":{"line":324,"column":8},"end":{"line":324,"column":14},"skip":true}},"branchMap":{"1":{"line":39,"type":"binary-expr","locations":[{"start":{"line":39,"column":23},"end":{"line":39,"column":62}},{"start":{"line":40,"column":20},"end":{"line":40,"column":70}},{"start":{"line":41,"column":20},"end":{"line":41,"column":71}},{"start":{"line":42,"column":20},"end":{"line":42,"column":29}}]},"2":{"line":44,"type":"binary-expr","locations":[{"start":{"line":44,"column":23},"end":{"line":44,"column":37}},{"start":{"line":45,"column":20},"end":{"line":45,"column":61}},{"start":{"line":46,"column":20},"end":{"line":46,"column":70}},{"start":{"line":47,"column":20},"end":{"line":47,"column":26}}]},"3":{"line":51,"type":"cond-expr","locations":[{"start":{"line":52,"column":14},"end":{"line":52,"column":20}},{"start":{"line":53,"column":14},"end":{"line":53,"column":20}}]},"4":{"line":55,"type":"binary-expr","locations":[{"start":{"line":55,"column":16},"end":{"line":55,"column":44}},{"start":{"line":55,"column":49},"end":{"line":57,"column":43}}]},"5":{"line":55,"type":"cond-expr","locations":[{"start":{"line":56,"column":14},"end":{"line":56,"column":54}},{"start":{"line":57,"column":14},"end":{"line":57,"column":43}}]},"6":{"line":61,"type":"switch","locations":[{"start":{"line":68,"column":4},"end":{"line":150,"column":14},"skip":true},{"start":{"line":156,"column":4},"end":{"line":324,"column":14},"skip":true}]},"7":{"line":70,"type":"if","locations":[{"start":{"line":70,"column":12},"end":{"line":70,"column":12},"skip":true},{"start":{"line":70,"column":12},"end":{"line":70,"column":12},"skip":true}]},"8":{"line":70,"type":"binary-expr","locations":[{"start":{"line":70,"column":16},"end":{"line":70,"column":22},"skip":true},{"start":{"line":70,"column":27},"end":{"line":70,"column":32},"skip":true},{"start":{"line":71,"column":20},"end":{"line":71,"column":39},"skip":true},{"start":{"line":72,"column":20},"end":{"line":72,"column":49},"skip":true},{"start":{"line":73,"column":20},"end":{"line":73,"column":58},"skip":true},{"start":{"line":74,"column":20},"end":{"line":74,"column":69},"skip":true}]},"9":{"line":79,"type":"switch","locations":[{"start":{"line":80,"column":20},"end":{"line":80,"column":33},"skip":true},{"start":{"line":81,"column":20},"end":{"line":83,"column":30},"skip":true},{"start":{"line":84,"column":20},"end":{"line":85,"column":49},"skip":true}]},"10":{"line":89,"type":"switch","locations":[{"start":{"line":90,"column":12},"end":{"line":103,"column":22},"skip":true},{"start":{"line":105,"column":12},"end":{"line":106,"column":22},"skip":true}]},"11":{"line":89,"type":"binary-expr","locations":[{"start":{"line":89,"column":20},"end":{"line":89,"column":25},"skip":true},{"start":{"line":89,"column":29},"end":{"line":89,"column":48},"skip":true},{"start":{"line":89,"column":52},"end":{"line":89,"column":74},"skip":true}]},"12":{"line":92,"type":"if","locations":[{"start":{"line":92,"column":16},"end":{"line":92,"column":16},"skip":true},{"start":{"line":92,"column":16},"end":{"line":92,"column":16},"skip":true}]},"13":{"line":108,"type":"if","locations":[{"start":{"line":108,"column":12},"end":{"line":108,"column":12},"skip":true},{"start":{"line":108,"column":12},"end":{"line":108,"column":12},"skip":true}]},"14":{"line":108,"type":"binary-expr","locations":[{"start":{"line":108,"column":16},"end":{"line":108,"column":61},"skip":true},{"start":{"line":108,"column":66},"end":{"line":108,"column":72},"skip":true},{"start":{"line":108,"column":77},"end":{"line":108,"column":82},"skip":true},{"start":{"line":109,"column":20},"end":{"line":109,"column":39},"skip":true},{"start":{"line":110,"column":20},"end":{"line":110,"column":49},"skip":true},{"start":{"line":111,"column":20},"end":{"line":111,"column":58},"skip":true},{"start":{"line":112,"column":20},"end":{"line":112,"column":68},"skip":true}]},"15":{"line":129,"type":"if","locations":[{"start":{"line":129,"column":16},"end":{"line":129,"column":16},"skip":true},{"start":{"line":129,"column":16},"end":{"line":129,"column":16},"skip":true}]},"16":{"line":134,"type":"cond-expr","locations":[{"start":{"line":135,"column":26},"end":{"line":135,"column":29},"skip":true},{"start":{"line":136,"column":26},"end":{"line":136,"column":54},"skip":true}]},"17":{"line":164,"type":"binary-expr","locations":[{"start":{"line":164,"column":27},"end":{"line":164,"column":43},"skip":true},{"start":{"line":164,"column":47},"end":{"line":164,"column":49},"skip":true}]},"18":{"line":258,"type":"if","locations":[{"start":{"line":258,"column":8},"end":{"line":258,"column":8},"skip":true},{"start":{"line":258,"column":8},"end":{"line":258,"column":8},"skip":true}]},"19":{"line":275,"type":"switch","locations":[{"start":{"line":276,"column":20},"end":{"line":277,"column":64},"skip":true},{"start":{"line":278,"column":20},"end":{"line":279,"column":40},"skip":true},{"start":{"line":280,"column":20},"end":{"line":281,"column":40},"skip":true},{"start":{"line":282,"column":20},"end":{"line":283,"column":39},"skip":true}]},"20":{"line":288,"type":"if","locations":[{"start":{"line":288,"column":8},"end":{"line":288,"column":8},"skip":true},{"start":{"line":288,"column":8},"end":{"line":288,"column":8},"skip":true}]},"21":{"line":288,"type":"binary-expr","locations":[{"start":{"line":288,"column":12},"end":{"line":288,"column":40},"skip":true},{"start":{"line":288,"column":44},"end":{"line":288,"column":67},"skip":true}]},"22":{"line":292,"type":"binary-expr","locations":[{"start":{"line":292,"column":12},"end":{"line":292,"column":50},"skip":true},{"start":{"line":293,"column":12},"end":{"line":293,"column":53},"skip":true}]},"23":{"line":297,"type":"binary-expr","locations":[{"start":{"line":297,"column":12},"end":{"line":297,"column":68},"skip":true},{"start":{"line":298,"column":12},"end":{"line":301,"column":36},"skip":true}]},"24":{"line":303,"type":"binary-expr","locations":[{"start":{"line":303,"column":43},"end":{"line":303,"column":75},"skip":true},{"start":{"line":303,"column":79},"end":{"line":303,"column":81},"skip":true}]},"25":{"line":306,"type":"if","locations":[{"start":{"line":306,"column":8},"end":{"line":306,"column":8},"skip":true},{"start":{"line":306,"column":8},"end":{"line":306,"column":8},"skip":true}]},"26":{"line":310,"type":"if","locations":[{"start":{"line":310,"column":8},"end":{"line":310,"column":8},"skip":true},{"start":{"line":310,"column":8},"end":{"line":310,"column":8},"skip":true}]},"27":{"line":313,"type":"binary-expr","locations":[{"start":{"line":313,"column":27},"end":{"line":313,"column":43},"skip":true},{"start":{"line":313,"column":47},"end":{"line":313,"column":53},"skip":true}]},"28":{"line":317,"type":"if","locations":[{"start":{"line":317,"column":12},"end":{"line":317,"column":12},"skip":true},{"start":{"line":317,"column":12},"end":{"line":317,"column":12},"skip":true}]}},"code":["/*","example.js","","quickstart example","","instruction","    1. save this script as example.js","    2. run the shell command:","        $ npm install npmtest-grapnel.js && PORT=8081 node example.js","    3. play with the browser-demo on http://127.0.0.1:8081","*/","","","","/* istanbul instrument in package npmtest_grapnel_js */","/*jslint","    bitwise: true,","    browser: true,","    maxerr: 8,","    maxlen: 96,","    node: true,","    nomen: true,","    regexp: true,","    stupid: true","*/","(function () {","    'use strict';","    var local;","","","","    // run shared js-env code - pre-init","    (function () {","        // init local","        local = {};","        // init modeJs","        local.modeJs = (function () {","            try {","                return typeof navigator.userAgent === 'string' &&","                    typeof document.querySelector('body') === 'object' &&","                    typeof XMLHttpRequest.prototype.open === 'function' &&","                    'browser';","            } catch (errorCaughtBrowser) {","                return module.exports &&","                    typeof process.versions.node === 'string' &&","                    typeof require('http').createServer === 'function' &&","                    'node';","            }","        }());","        // init global","        local.global = local.modeJs === 'browser'","            ? window","            : global;","        // init utility2_rollup","        local = local.global.utility2_rollup || (local.modeJs === 'browser'","            ? local.global.utility2_npmtest_grapnel_js","            : global.utility2_moduleExports);","        // export local","        local.global.local = local;","    }());","    switch (local.modeJs) {","","","","    // post-init","    // run browser js-env code - post-init","    /* istanbul ignore next */","    case 'browser':","        local.testRunBrowser = function (event) {","            if (!event || (event &&","                    event.currentTarget &&","                    event.currentTarget.className &&","                    event.currentTarget.className.includes &&","                    event.currentTarget.className.includes('onreset'))) {","                // reset output","                Array.from(","                    document.querySelectorAll('body > .resettable')","                ).forEach(function (element) {","                    switch (element.tagName) {","                    case 'INPUT':","                    case 'TEXTAREA':","                        element.value = '';","                        break;","                    default:","                        element.textContent = '';","                    }","                });","            }","            switch (event && event.currentTarget && event.currentTarget.id) {","            case 'testRunButton1':","                // show tests","                if (document.querySelector('#testReportDiv1').style.display === 'none') {","                    document.querySelector('#testReportDiv1').style.display = 'block';","                    document.querySelector('#testRunButton1').textContent =","                        'hide internal test';","                    local.modeTest = true;","                    local.testRunDefault(local);","                // hide tests","                } else {","                    document.querySelector('#testReportDiv1').style.display = 'none';","                    document.querySelector('#testRunButton1').textContent = 'run internal test';","                }","                break;","            // custom-case","            default:","                break;","            }","            if (document.querySelector('#inputTextareaEval1') && (!event || (event &&","                    event.currentTarget &&","                    event.currentTarget.className &&","                    event.currentTarget.className.includes &&","                    event.currentTarget.className.includes('oneval')))) {","                // try to eval input-code","                try {","                    /*jslint evil: true*/","                    eval(document.querySelector('#inputTextareaEval1').value);","                } catch (errorCaught) {","                    console.error(errorCaught);","                }","            }","        };","        // log stderr and stdout to #outputTextareaStdout1","        ['error', 'log'].forEach(function (key) {","            console[key + '_original'] = console[key];","            console[key] = function () {","                var element;","                console[key + '_original'].apply(console, arguments);","                element = document.querySelector('#outputTextareaStdout1');","                if (!element) {","                    return;","                }","                // append text to #outputTextareaStdout1","                element.value += Array.from(arguments).map(function (arg) {","                    return typeof arg === 'string'","                        ? arg","                        : JSON.stringify(arg, null, 4);","                }).join(' ') + '\\n';","                // scroll textarea to bottom","                element.scrollTop = element.scrollHeight;","            };","        });","        // init event-handling","        ['change', 'click', 'keyup'].forEach(function (event) {","            Array.from(document.querySelectorAll('.on' + event)).forEach(function (element) {","                element.addEventListener(event, local.testRunBrowser);","            });","        });","        // run tests","        local.testRunBrowser();","        break;","","","","    // run node js-env code - post-init","    /* istanbul ignore next */","    case 'node':","        // export local","        module.exports = local;","        // require modules","        local.fs = require('fs');","        local.http = require('http');","        local.url = require('url');","        // init assets","        local.assetsDict = local.assetsDict || {};","        /* jslint-ignore-begin */","        local.assetsDict['/assets.index.template.html'] = '\\","<!doctype html>\\n\\","<html lang=\"en\">\\n\\","<head>\\n\\","<meta charset=\"UTF-8\">\\n\\","<meta name=\"viewport\" content=\"width=device-width, initial-scale=1\">\\n\\","<title>{{env.npm_package_name}} (v{{env.npm_package_version}})</title>\\n\\","<style>\\n\\","/*csslint\\n\\","    box-sizing: false,\\n\\","    universal-selector: false\\n\\","*/\\n\\","* {\\n\\","    box-sizing: border-box;\\n\\","}\\n\\","body {\\n\\","    background: #dde;\\n\\","    font-family: Arial, Helvetica, sans-serif;\\n\\","    margin: 2rem;\\n\\","}\\n\\","body > * {\\n\\","    margin-bottom: 1rem;\\n\\","}\\n\\",".utility2FooterDiv {\\n\\","    margin-top: 20px;\\n\\","    text-align: center;\\n\\","}\\n\\","</style>\\n\\","<style>\\n\\","/*csslint\\n\\","*/\\n\\","textarea {\\n\\","    font-family: monospace;\\n\\","    height: 10rem;\\n\\","    width: 100%;\\n\\","}\\n\\","textarea[readonly] {\\n\\","    background: #ddd;\\n\\","}\\n\\","</style>\\n\\","</head>\\n\\","<body>\\n\\","<!-- utility2-comment\\n\\","<div id=\"ajaxProgressDiv1\" style=\"background: #d00; height: 2px; left: 0; margin: 0; padding: 0; position: fixed; top: 0; transition: background 0.5s, width 1.5s; width: 25%;\"></div>\\n\\","utility2-comment -->\\n\\","<h1>\\n\\","<!-- utility2-comment\\n\\","    <a\\n\\","        {{#if env.npm_package_homepage}}\\n\\","        href=\"{{env.npm_package_homepage}}\"\\n\\","        {{/if env.npm_package_homepage}}\\n\\","        target=\"_blank\"\\n\\","    >\\n\\","utility2-comment -->\\n\\","        {{env.npm_package_name}} (v{{env.npm_package_version}})\\n\\","<!-- utility2-comment\\n\\","    </a>\\n\\","utility2-comment -->\\n\\","</h1>\\n\\","<h3>{{env.npm_package_description}}</h3>\\n\\","<!-- utility2-comment\\n\\","<h4><a download href=\"assets.app.js\">download standalone app</a></h4>\\n\\","<button class=\"onclick onreset\" id=\"testRunButton1\">run internal test</button><br>\\n\\","<div id=\"testReportDiv1\" style=\"display: none;\"></div>\\n\\","utility2-comment -->\\n\\","\\n\\","\\n\\","\\n\\","<label>stderr and stdout</label>\\n\\","<textarea class=\"resettable\" id=\"outputTextareaStdout1\" readonly></textarea>\\n\\","<!-- utility2-comment\\n\\","{{#if isRollup}}\\n\\","<script src=\"assets.app.js\"></script>\\n\\","{{#unless isRollup}}\\n\\","utility2-comment -->\\n\\","<script src=\"assets.utility2.rollup.js\"></script>\\n\\","<script src=\"jsonp.utility2._stateInit?callback=window.utility2._stateInit\"></script>\\n\\","<script src=\"assets.npmtest_grapnel_js.rollup.js\"></script>\\n\\","<script src=\"assets.example.js\"></script>\\n\\","<script src=\"assets.test.js\"></script>\\n\\","<!-- utility2-comment\\n\\","{{/if isRollup}}\\n\\","utility2-comment -->\\n\\","<div class=\"utility2FooterDiv\">\\n\\","    [ this app was created with\\n\\","    <a href=\"https://github.com/kaizhu256/node-utility2\" target=\"_blank\">utility2</a>\\n\\","    ]\\n\\","</div>\\n\\","</body>\\n\\","</html>\\n\\","';","        /* jslint-ignore-end */","        if (local.templateRender) {","            local.assetsDict['/'] = local.templateRender(","                local.assetsDict['/assets.index.template.html'],","                {","                    env: local.objectSetDefault(local.env, {","                        npm_package_description: 'the greatest app in the world!',","                        npm_package_name: 'my-app',","                        npm_package_nameAlias: 'my_app',","                        npm_package_version: '0.0.1'","                    })","                }","            );","        } else {","            local.assetsDict['/'] = local.assetsDict['/assets.index.template.html']","                .replace((/\\{\\{env\\.(\\w+?)\\}\\}/g), function (match0, match1) {","                    // jslint-hack","                    String(match0);","                    switch (match1) {","                    case 'npm_package_description':","                        return 'the greatest app in the world!';","                    case 'npm_package_name':","                        return 'my-app';","                    case 'npm_package_nameAlias':","                        return 'my_app';","                    case 'npm_package_version':","                        return '0.0.1';","                    }","                });","        }","        // run the cli","        if (local.global.utility2_rollup || module !== require.main) {","            break;","        }","        local.assetsDict['/assets.example.js'] =","            local.assetsDict['/assets.example.js'] ||","            local.fs.readFileSync(__filename, 'utf8');","        // bug-workaround - long $npm_package_buildCustomOrg","        /* jslint-ignore-begin */","        local.assetsDict['/assets.npmtest_grapnel_js.rollup.js'] =","            local.assetsDict['/assets.npmtest_grapnel_js.rollup.js'] ||","            local.fs.readFileSync(","                local.npmtest_grapnel_js.__dirname + '/lib.npmtest_grapnel_js.js',","                'utf8'","            ).replace((/^#!/), '//');","        /* jslint-ignore-end */","        local.assetsDict['/favicon.ico'] = local.assetsDict['/favicon.ico'] || '';","        // if $npm_config_timeout_exit exists,","        // then exit this process after $npm_config_timeout_exit ms","        if (Number(process.env.npm_config_timeout_exit)) {","            setTimeout(process.exit, Number(process.env.npm_config_timeout_exit));","        }","        // start server","        if (local.global.utility2_serverHttp1) {","            break;","        }","        process.env.PORT = process.env.PORT || '8081';","        console.error('server starting on port ' + process.env.PORT);","        local.http.createServer(function (request, response) {","            request.urlParsed = local.url.parse(request.url);","            if (local.assetsDict[request.urlParsed.pathname] !== undefined) {","                response.end(local.assetsDict[request.urlParsed.pathname]);","                return;","            }","            response.statusCode = 404;","            response.end();","        }).listen(process.env.PORT);","        break;","    }","}());",""],"l":{"26":2,"28":2,"33":2,"35":2,"37":2,"38":2,"39":2,"44":1,"51":2,"55":2,"59":2,"61":2,"69":1,"70":2,"76":2,"79":2,"82":2,"83":2,"85":1,"89":2,"92":1,"93":1,"94":1,"96":1,"97":1,"100":1,"101":1,"103":1,"106":1,"108":2,"114":1,"116":1,"118":1,"123":1,"124":2,"125":2,"126":3,"127":3,"128":3,"129":3,"130":1,"133":3,"134":3,"139":3,"143":1,"144":3,"145":1,"149":1,"150":1,"158":1,"160":1,"161":1,"162":1,"164":1,"166":1,"258":1,"259":1,"271":1,"274":6,"275":6,"277":1,"279":2,"281":1,"283":2,"288":1,"289":1,"291":1,"296":1,"303":1,"306":1,"307":1,"310":1,"311":1,"313":1,"314":1,"315":1,"316":1,"317":1,"318":1,"319":1,"321":1,"322":1,"324":1}},"/home/travis/build/npmtest/node-npmtest-grapnel.js/node_modules/grapnel.js/src/grapnel.js":{"path":"/home/travis/build/npmtest/node-npmtest-grapnel.js/node_modules/grapnel.js/src/grapnel.js","s":{"1":1,"2":1,"3":0,"4":0,"5":0,"6":0,"7":0,"8":0,"9":0,"10":0,"11":0,"12":0,"13":0,"14":0,"15":0,"16":0,"17":0,"18":1,"19":0,"20":0,"21":0,"22":0,"23":0,"24":0,"25":0,"26":0,"27":0,"28":1,"29":0,"30":0,"31":0,"32":0,"33":0,"34":1,"35":0,"36":0,"37":0,"38":0,"39":0,"40":0,"41":0,"42":0,"43":0,"44":0,"45":0,"46":0,"47":0,"48":0,"49":0,"50":0,"51":0,"52":0,"53":1,"54":0,"55":0,"56":0,"57":0,"58":0,"59":1,"60":0,"61":0,"62":0,"63":0,"64":0,"65":0,"66":1,"67":0,"68":0,"69":0,"70":0,"71":0,"72":0,"73":0,"74":0,"75":1,"76":0,"77":0,"78":0,"79":0,"80":1,"81":0,"82":1,"83":0,"84":0,"85":0,"86":0,"87":0,"88":0,"89":0,"90":0,"91":0,"92":0,"93":0,"94":0,"95":0,"96":0,"97":0,"98":0,"99":0,"100":0,"101":0,"102":0,"103":0,"104":0,"105":1,"106":0,"107":0,"108":0,"109":0,"110":0,"111":0,"112":0,"113":0,"114":0,"115":1,"116":0,"117":0,"118":0,"119":0,"120":0,"121":0,"122":0,"123":0,"124":0,"125":1,"126":0,"127":0,"128":0,"129":1,"130":1,"131":0,"132":1,"133":0,"134":1,"135":0,"136":0,"137":1,"138":0,"139":0,"140":0,"141":1,"142":0,"143":0,"144":0,"145":0,"146":1,"147":0,"148":0,"149":0,"150":1,"151":0,"152":0,"153":0,"154":0,"155":0,"156":0,"157":1,"158":1,"159":1,"160":0,"161":0,"162":0,"163":1,"164":1,"165":0},"b":{"1":[0,0],"2":[0,0],"3":[0,0],"4":[0,0,0],"5":[0,0],"6":[0,0],"7":[0,0,0,0],"8":[0,0],"9":[0,0],"10":[0,0],"11":[0,0],"12":[0,0],"13":[0,0],"14":[0,0],"15":[0,0],"16":[0,0],"17":[0,0],"18":[0,0,0,0],"19":[0,0],"20":[0,0],"21":[0,0],"22":[0,0],"23":[0,0],"24":[0,0],"25":[0,0],"26":[0,0],"27":[0,0],"28":[0,0],"29":[0,0],"30":[0,0],"31":[0,0],"32":[0,0],"33":[0,0,0],"34":[0,0],"35":[0,0],"36":[0,0],"37":[0,0],"38":[0,0],"39":[0,0],"40":[0,0],"41":[0,0],"42":[0,0],"43":[0,0],"44":[0,0],"45":[0,0],"46":[0,0],"47":[0,0],"48":[0,0],"49":[0,0],"50":[0,0],"51":[0,0],"52":[0,0],"53":[0,0],"54":[0,0],"55":[0,0],"56":[0,0,0],"57":[0,0],"58":[0,0],"59":[0,0],"60":[0,0],"61":[0,0],"62":[0,0],"63":[0,0],"64":[0,0],"65":[0,1],"66":[1,0],"67":[1,0],"68":[1,1],"69":[0,1]},"f":{"1":1,"2":0,"3":0,"4":0,"5":0,"6":0,"7":0,"8":0,"9":0,"10":0,"11":0,"12":0,"13":0,"14":0,"15":0,"16":0,"17":0,"18":0,"19":0,"20":0,"21":0,"22":0,"23":0,"24":0,"25":0,"26":0,"27":0,"28":0,"29":0,"30":0,"31":0,"32":0,"33":0,"34":0},"fnMap":{"1":{"name":"(anonymous_1)","line":12,"loc":{"start":{"line":12,"column":2},"end":{"line":12,"column":17}}},"2":{"name":"Grapnel","line":14,"loc":{"start":{"line":14,"column":4},"end":{"line":14,"column":27}}},"3":{"name":"(anonymous_3)","line":26,"loc":{"start":{"line":26,"column":48},"end":{"line":26,"column":59}}},"4":{"name":"(anonymous_4)","line":30,"loc":{"start":{"line":30,"column":46},"end":{"line":30,"column":58}}},"5":{"name":"(anonymous_5)","line":49,"loc":{"start":{"line":49,"column":25},"end":{"line":49,"column":65}}},"6":{"name":"(anonymous_6)","line":56,"loc":{"start":{"line":56,"column":61},"end":{"line":56,"column":112}}},"7":{"name":"(anonymous_7)","line":77,"loc":{"start":{"line":77,"column":23},"end":{"line":77,"column":45}}},"8":{"name":"(anonymous_8)","line":80,"loc":{"start":{"line":80,"column":15},"end":{"line":80,"column":33}}},"9":{"name":"(anonymous_9)","line":92,"loc":{"start":{"line":92,"column":52},"end":{"line":92,"column":68}}},"10":{"name":"RouteHandler","line":98,"loc":{"start":{"line":98,"column":21},"end":{"line":98,"column":45}}},"11":{"name":"(anonymous_11)","line":143,"loc":{"start":{"line":143,"column":32},"end":{"line":143,"column":48}}},"12":{"name":"(anonymous_12)","line":148,"loc":{"start":{"line":148,"column":49},"end":{"line":148,"column":62}}},"13":{"name":"(anonymous_13)","line":162,"loc":{"start":{"line":162,"column":52},"end":{"line":162,"column":77}}},"14":{"name":"(anonymous_14)","line":166,"loc":{"start":{"line":166,"column":33},"end":{"line":166,"column":49}}},"15":{"name":"(anonymous_15)","line":183,"loc":{"start":{"line":183,"column":29},"end":{"line":183,"column":54}}},"16":{"name":"(anonymous_16)","line":186,"loc":{"start":{"line":186,"column":30},"end":{"line":186,"column":41}}},"17":{"name":"(anonymous_17)","line":199,"loc":{"start":{"line":199,"column":32},"end":{"line":199,"column":50}}},"18":{"name":"(anonymous_18)","line":203,"loc":{"start":{"line":203,"column":15},"end":{"line":203,"column":26}}},"19":{"name":"(anonymous_19)","line":220,"loc":{"start":{"line":220,"column":33},"end":{"line":220,"column":48}}},"20":{"name":"(anonymous_20)","line":224,"loc":{"start":{"line":224,"column":29},"end":{"line":224,"column":48}}},"21":{"name":"(anonymous_21)","line":269,"loc":{"start":{"line":269,"column":21},"end":{"line":269,"column":32}}},"22":{"name":"(anonymous_22)","line":278,"loc":{"start":{"line":278,"column":16},"end":{"line":278,"column":27}}},"23":{"name":"CallStack","line":294,"loc":{"start":{"line":294,"column":4},"end":{"line":294,"column":42}}},"24":{"name":"Request","line":314,"loc":{"start":{"line":314,"column":4},"end":{"line":314,"column":28}}},"25":{"name":"(anonymous_25)","line":326,"loc":{"start":{"line":326,"column":41},"end":{"line":326,"column":52}}},"26":{"name":"(anonymous_26)","line":334,"loc":{"start":{"line":334,"column":42},"end":{"line":334,"column":53}}},"27":{"name":"(anonymous_27)","line":342,"loc":{"start":{"line":342,"column":33},"end":{"line":342,"column":44}}},"28":{"name":"(anonymous_28)","line":351,"loc":{"start":{"line":351,"column":35},"end":{"line":351,"column":46}}},"29":{"name":"(anonymous_29)","line":363,"loc":{"start":{"line":363,"column":34},"end":{"line":363,"column":61}}},"30":{"name":"(anonymous_30)","line":377,"loc":{"start":{"line":377,"column":31},"end":{"line":377,"column":42}}},"31":{"name":"next","line":380,"loc":{"start":{"line":380,"column":68},"end":{"line":380,"column":84}}},"32":{"name":"(anonymous_32)","line":389,"loc":{"start":{"line":389,"column":30},"end":{"line":389,"column":45}}},"33":{"name":"(anonymous_33)","line":400,"loc":{"start":{"line":400,"column":38},"end":{"line":400,"column":57}}},"34":{"name":"(anonymous_34)","line":414,"loc":{"start":{"line":414,"column":20},"end":{"line":414,"column":55}}}},"statementMap":{"1":{"start":{"line":12,"column":0},"end":{"line":424,"column":58}},"2":{"start":{"line":14,"column":4},"end":{"line":39,"column":5}},"3":{"start":{"line":17,"column":8},"end":{"line":17,"column":24}},"4":{"start":{"line":18,"column":8},"end":{"line":18,"column":25}},"5":{"start":{"line":19,"column":8},"end":{"line":19,"column":26}},"6":{"start":{"line":20,"column":8},"end":{"line":20,"column":34}},"7":{"start":{"line":21,"column":8},"end":{"line":21,"column":145}},"8":{"start":{"line":22,"column":8},"end":{"line":22,"column":182}},"9":{"start":{"line":23,"column":8},"end":{"line":23,"column":31}},"10":{"start":{"line":25,"column":8},"end":{"line":36,"column":9}},"11":{"start":{"line":26,"column":12},"end":{"line":28,"column":15}},"12":{"start":{"line":27,"column":16},"end":{"line":27,"column":43}},"13":{"start":{"line":30,"column":12},"end":{"line":35,"column":15}},"14":{"start":{"line":32,"column":16},"end":{"line":32,"column":82}},"15":{"start":{"line":32,"column":69},"end":{"line":32,"column":82}},"16":{"start":{"line":34,"column":16},"end":{"line":34,"column":41}},"17":{"start":{"line":38,"column":8},"end":{"line":38,"column":20}},"18":{"start":{"line":49,"column":4},"end":{"line":70,"column":6}},"19":{"start":{"line":50,"column":8},"end":{"line":50,"column":48}},"20":{"start":{"line":50,"column":36},"end":{"line":50,"column":48}},"21":{"start":{"line":51,"column":8},"end":{"line":51,"column":69}},"22":{"start":{"line":51,"column":35},"end":{"line":51,"column":69}},"23":{"start":{"line":53,"column":8},"end":{"line":67,"column":36}},"24":{"start":{"line":57,"column":16},"end":{"line":60,"column":19}},"25":{"start":{"line":61,"column":16},"end":{"line":61,"column":36}},"26":{"start":{"line":63,"column":16},"end":{"line":63,"column":181}},"27":{"start":{"line":69,"column":8},"end":{"line":69,"column":66}},"28":{"start":{"line":77,"column":4},"end":{"line":85,"column":6}},"29":{"start":{"line":78,"column":8},"end":{"line":78,"column":108}},"30":{"start":{"line":78,"column":59},"end":{"line":78,"column":108}},"31":{"start":{"line":80,"column":8},"end":{"line":84,"column":28}},"32":{"start":{"line":81,"column":12},"end":{"line":83,"column":13}},"33":{"start":{"line":82,"column":16},"end":{"line":82,"column":47}},"34":{"start":{"line":92,"column":4},"end":{"line":135,"column":6}},"35":{"start":{"line":93,"column":8},"end":{"line":96,"column":41}},"36":{"start":{"line":98,"column":8},"end":{"line":130,"column":10}},"37":{"start":{"line":100,"column":12},"end":{"line":100,"column":49}},"38":{"start":{"line":102,"column":12},"end":{"line":127,"column":13}},"39":{"start":{"line":104,"column":16},"end":{"line":109,"column":18}},"40":{"start":{"line":111,"column":16},"end":{"line":111,"column":91}},"41":{"start":{"line":113,"column":16},"end":{"line":113,"column":50}},"42":{"start":{"line":115,"column":16},"end":{"line":115,"column":52}},"43":{"start":{"line":115,"column":40},"end":{"line":115,"column":52}},"44":{"start":{"line":117,"column":16},"end":{"line":117,"column":49}},"45":{"start":{"line":119,"column":16},"end":{"line":119,"column":35}},"46":{"start":{"line":121,"column":16},"end":{"line":124,"column":17}},"47":{"start":{"line":122,"column":20},"end":{"line":122,"column":49}},"48":{"start":{"line":123,"column":20},"end":{"line":123,"column":32}},"49":{"start":{"line":126,"column":16},"end":{"line":126,"column":33}},"50":{"start":{"line":129,"column":12},"end":{"line":129,"column":24}},"51":{"start":{"line":132,"column":8},"end":{"line":132,"column":121}},"52":{"start":{"line":134,"column":8},"end":{"line":134,"column":46}},"53":{"start":{"line":143,"column":4},"end":{"line":154,"column":6}},"54":{"start":{"line":144,"column":8},"end":{"line":145,"column":62}},"55":{"start":{"line":147,"column":8},"end":{"line":151,"column":9}},"56":{"start":{"line":148,"column":12},"end":{"line":150,"column":15}},"57":{"start":{"line":149,"column":16},"end":{"line":149,"column":39}},"58":{"start":{"line":153,"column":8},"end":{"line":153,"column":20}},"59":{"start":{"line":162,"column":4},"end":{"line":175,"column":6}},"60":{"start":{"line":163,"column":8},"end":{"line":164,"column":38}},"61":{"start":{"line":166,"column":8},"end":{"line":172,"column":11}},"62":{"start":{"line":167,"column":12},"end":{"line":171,"column":13}},"63":{"start":{"line":168,"column":16},"end":{"line":168,"column":49}},"64":{"start":{"line":170,"column":16},"end":{"line":170,"column":47}},"65":{"start":{"line":174,"column":8},"end":{"line":174,"column":20}},"66":{"start":{"line":183,"column":4},"end":{"line":193,"column":6}},"67":{"start":{"line":184,"column":8},"end":{"line":184,"column":24}},"68":{"start":{"line":186,"column":8},"end":{"line":192,"column":11}},"69":{"start":{"line":187,"column":12},"end":{"line":187,"column":34}},"70":{"start":{"line":187,"column":21},"end":{"line":187,"column":34}},"71":{"start":{"line":188,"column":12},"end":{"line":188,"column":23}},"72":{"start":{"line":189,"column":12},"end":{"line":189,"column":43}},"73":{"start":{"line":190,"column":12},"end":{"line":190,"column":27}},"74":{"start":{"line":191,"column":12},"end":{"line":191,"column":24}},"75":{"start":{"line":199,"column":4},"end":{"line":213,"column":6}},"76":{"start":{"line":200,"column":8},"end":{"line":201,"column":66}},"77":{"start":{"line":203,"column":8},"end":{"line":212,"column":9}},"78":{"start":{"line":204,"column":12},"end":{"line":209,"column":40}},"79":{"start":{"line":211,"column":12},"end":{"line":211,"column":110}},"80":{"start":{"line":220,"column":4},"end":{"line":222,"column":6}},"81":{"start":{"line":221,"column":8},"end":{"line":221,"column":51}},"82":{"start":{"line":224,"column":4},"end":{"line":261,"column":6}},"83":{"start":{"line":225,"column":8},"end":{"line":226,"column":17}},"84":{"start":{"line":228,"column":8},"end":{"line":260,"column":9}},"85":{"start":{"line":230,"column":12},"end":{"line":237,"column":13}},"86":{"start":{"line":231,"column":16},"end":{"line":231,"column":87}},"87":{"start":{"line":232,"column":16},"end":{"line":232,"column":55}},"88":{"start":{"line":233,"column":19},"end":{"line":237,"column":13}},"89":{"start":{"line":234,"column":16},"end":{"line":234,"column":83}},"90":{"start":{"line":236,"column":16},"end":{"line":236,"column":48}},"91":{"start":{"line":239,"column":12},"end":{"line":239,"column":24}},"92":{"start":{"line":240,"column":15},"end":{"line":260,"column":9}},"93":{"start":{"line":242,"column":12},"end":{"line":248,"column":13}},"94":{"start":{"line":243,"column":16},"end":{"line":243,"column":77}},"95":{"start":{"line":244,"column":19},"end":{"line":248,"column":13}},"96":{"start":{"line":245,"column":16},"end":{"line":245,"column":117}},"97":{"start":{"line":247,"column":16},"end":{"line":247,"column":44}},"98":{"start":{"line":250,"column":12},"end":{"line":250,"column":24}},"99":{"start":{"line":251,"column":15},"end":{"line":260,"column":9}},"100":{"start":{"line":253,"column":12},"end":{"line":257,"column":13}},"101":{"start":{"line":254,"column":16},"end":{"line":254,"column":75}},"102":{"start":{"line":255,"column":19},"end":{"line":257,"column":13}},"103":{"start":{"line":256,"column":16},"end":{"line":256,"column":72}},"104":{"start":{"line":259,"column":12},"end":{"line":259,"column":24}},"105":{"start":{"line":269,"column":4},"end":{"line":286,"column":6}},"106":{"start":{"line":270,"column":8},"end":{"line":270,"column":25}},"107":{"start":{"line":271,"column":8},"end":{"line":276,"column":9}},"108":{"start":{"line":272,"column":12},"end":{"line":272,"column":32}},"109":{"start":{"line":273,"column":12},"end":{"line":273,"column":34}},"110":{"start":{"line":275,"column":12},"end":{"line":275,"column":34}},"111":{"start":{"line":278,"column":8},"end":{"line":285,"column":41}},"112":{"start":{"line":280,"column":12},"end":{"line":282,"column":13}},"113":{"start":{"line":281,"column":16},"end":{"line":281,"column":54}},"114":{"start":{"line":284,"column":12},"end":{"line":284,"column":24}},"115":{"start":{"line":294,"column":4},"end":{"line":307,"column":5}},"116":{"start":{"line":295,"column":8},"end":{"line":295,"column":47}},"117":{"start":{"line":296,"column":8},"end":{"line":296,"column":29}},"118":{"start":{"line":297,"column":8},"end":{"line":297,"column":32}},"119":{"start":{"line":298,"column":8},"end":{"line":298,"column":33}},"120":{"start":{"line":299,"column":8},"end":{"line":299,"column":35}},"121":{"start":{"line":300,"column":8},"end":{"line":300,"column":35}},"122":{"start":{"line":302,"column":8},"end":{"line":304,"column":9}},"123":{"start":{"line":303,"column":12},"end":{"line":303,"column":39}},"124":{"start":{"line":306,"column":8},"end":{"line":306,"column":20}},"125":{"start":{"line":314,"column":4},"end":{"line":318,"column":5}},"126":{"start":{"line":315,"column":8},"end":{"line":315,"column":27}},"127":{"start":{"line":316,"column":8},"end":{"line":316,"column":23}},"128":{"start":{"line":317,"column":8},"end":{"line":317,"column":58}},"129":{"start":{"line":320,"column":4},"end":{"line":320,"column":26}},"130":{"start":{"line":326,"column":4},"end":{"line":328,"column":6}},"131":{"start":{"line":327,"column":8},"end":{"line":327,"column":33}},"132":{"start":{"line":334,"column":4},"end":{"line":336,"column":6}},"133":{"start":{"line":335,"column":8},"end":{"line":335,"column":36}},"134":{"start":{"line":342,"column":4},"end":{"line":345,"column":6}},"135":{"start":{"line":343,"column":8},"end":{"line":343,"column":123}},"136":{"start":{"line":344,"column":8},"end":{"line":344,"column":62}},"137":{"start":{"line":351,"column":4},"end":{"line":355,"column":6}},"138":{"start":{"line":352,"column":8},"end":{"line":352,"column":32}},"139":{"start":{"line":353,"column":8},"end":{"line":353,"column":36}},"140":{"start":{"line":354,"column":8},"end":{"line":354,"column":20}},"141":{"start":{"line":363,"column":4},"end":{"line":371,"column":6}},"142":{"start":{"line":364,"column":8},"end":{"line":364,"column":122}},"143":{"start":{"line":366,"column":8},"end":{"line":368,"column":9}},"144":{"start":{"line":367,"column":12},"end":{"line":367,"column":85}},"145":{"start":{"line":370,"column":8},"end":{"line":370,"column":20}},"146":{"start":{"line":377,"column":4},"end":{"line":383,"column":6}},"147":{"start":{"line":378,"column":8},"end":{"line":378,"column":24}},"148":{"start":{"line":380,"column":8},"end":{"line":382,"column":11}},"149":{"start":{"line":381,"column":12},"end":{"line":381,"column":33}},"150":{"start":{"line":389,"column":4},"end":{"line":407,"column":6}},"151":{"start":{"line":390,"column":8},"end":{"line":391,"column":24}},"152":{"start":{"line":393,"column":8},"end":{"line":398,"column":10}},"153":{"start":{"line":400,"column":8},"end":{"line":404,"column":11}},"154":{"start":{"line":401,"column":12},"end":{"line":401,"column":82}},"155":{"start":{"line":403,"column":12},"end":{"line":403,"column":78}},"156":{"start":{"line":406,"column":8},"end":{"line":406,"column":19}},"157":{"start":{"line":410,"column":4},"end":{"line":410,"column":34}},"158":{"start":{"line":411,"column":4},"end":{"line":411,"column":30}},"159":{"start":{"line":413,"column":4},"end":{"line":422,"column":5}},"160":{"start":{"line":414,"column":8},"end":{"line":417,"column":11}},"161":{"start":{"line":415,"column":12},"end":{"line":415,"column":43}},"162":{"start":{"line":416,"column":12},"end":{"line":416,"column":27}},"163":{"start":{"line":418,"column":11},"end":{"line":422,"column":5}},"164":{"start":{"line":419,"column":8},"end":{"line":419,"column":43}},"165":{"start":{"line":421,"column":8},"end":{"line":421,"column":31}}},"branchMap":{"1":{"line":20,"type":"binary-expr","locations":[{"start":{"line":20,"column":23},"end":{"line":20,"column":27}},{"start":{"line":20,"column":31},"end":{"line":20,"column":33}}]},"2":{"line":21,"type":"binary-expr","locations":[{"start":{"line":21,"column":27},"end":{"line":21,"column":43}},{"start":{"line":21,"column":48},"end":{"line":21,"column":143}}]},"3":{"line":21,"type":"cond-expr","locations":[{"start":{"line":21,"column":124},"end":{"line":21,"column":132}},{"start":{"line":21,"column":135},"end":{"line":21,"column":143}}]},"4":{"line":21,"type":"binary-expr","locations":[{"start":{"line":21,"column":51},"end":{"line":21,"column":81}},{"start":{"line":21,"column":85},"end":{"line":21,"column":92}},{"start":{"line":21,"column":96},"end":{"line":21,"column":120}}]},"5":{"line":22,"type":"binary-expr","locations":[{"start":{"line":22,"column":28},"end":{"line":22,"column":45}},{"start":{"line":22,"column":50},"end":{"line":22,"column":180}}]},"6":{"line":22,"type":"cond-expr","locations":[{"start":{"line":22,"column":154},"end":{"line":22,"column":165}},{"start":{"line":22,"column":168},"end":{"line":22,"column":180}}]},"7":{"line":22,"type":"binary-expr","locations":[{"start":{"line":22,"column":53},"end":{"line":22,"column":82}},{"start":{"line":22,"column":86},"end":{"line":22,"column":108}},{"start":{"line":22,"column":112},"end":{"line":22,"column":124}},{"start":{"line":22,"column":128},"end":{"line":22,"column":150}}]},"8":{"line":25,"type":"if","locations":[{"start":{"line":25,"column":8},"end":{"line":25,"column":8}},{"start":{"line":25,"column":8},"end":{"line":25,"column":8}}]},"9":{"line":32,"type":"if","locations":[{"start":{"line":32,"column":16},"end":{"line":32,"column":16}},{"start":{"line":32,"column":16},"end":{"line":32,"column":16}}]},"10":{"line":32,"type":"binary-expr","locations":[{"start":{"line":32,"column":20},"end":{"line":32,"column":30}},{"start":{"line":32,"column":34},"end":{"line":32,"column":67}}]},"11":{"line":50,"type":"if","locations":[{"start":{"line":50,"column":8},"end":{"line":50,"column":8}},{"start":{"line":50,"column":8},"end":{"line":50,"column":8}}]},"12":{"line":51,"type":"if","locations":[{"start":{"line":51,"column":8},"end":{"line":51,"column":8}},{"start":{"line":51,"column":8},"end":{"line":51,"column":8}}]},"13":{"line":53,"type":"cond-expr","locations":[{"start":{"line":53,"column":36},"end":{"line":53,"column":38}},{"start":{"line":53,"column":41},"end":{"line":53,"column":45}}]},"14":{"line":61,"type":"binary-expr","locations":[{"start":{"line":61,"column":24},"end":{"line":61,"column":29}},{"start":{"line":61,"column":33},"end":{"line":61,"column":35}}]},"15":{"line":63,"type":"cond-expr","locations":[{"start":{"line":63,"column":40},"end":{"line":63,"column":42}},{"start":{"line":63,"column":45},"end":{"line":63,"column":50}}]},"16":{"line":63,"type":"cond-expr","locations":[{"start":{"line":63,"column":74},"end":{"line":63,"column":79}},{"start":{"line":63,"column":82},"end":{"line":63,"column":84}}]},"17":{"line":63,"type":"binary-expr","locations":[{"start":{"line":63,"column":89},"end":{"line":63,"column":95}},{"start":{"line":63,"column":99},"end":{"line":63,"column":101}}]},"18":{"line":63,"type":"binary-expr","locations":[{"start":{"line":63,"column":106},"end":{"line":63,"column":113}},{"start":{"line":63,"column":118},"end":{"line":63,"column":124}},{"start":{"line":63,"column":128},"end":{"line":63,"column":139}},{"start":{"line":63,"column":143},"end":{"line":63,"column":153}}]},"19":{"line":63,"type":"binary-expr","locations":[{"start":{"line":63,"column":165},"end":{"line":63,"column":173}},{"start":{"line":63,"column":177},"end":{"line":63,"column":179}}]},"20":{"line":69,"type":"cond-expr","locations":[{"start":{"line":69,"column":56},"end":{"line":69,"column":58}},{"start":{"line":69,"column":61},"end":{"line":69,"column":64}}]},"21":{"line":78,"type":"if","locations":[{"start":{"line":78,"column":8},"end":{"line":78,"column":8}},{"start":{"line":78,"column":8},"end":{"line":78,"column":8}}]},"22":{"line":102,"type":"if","locations":[{"start":{"line":102,"column":12},"end":{"line":102,"column":12}},{"start":{"line":102,"column":12},"end":{"line":102,"column":12}}]},"23":{"line":115,"type":"if","locations":[{"start":{"line":115,"column":16},"end":{"line":115,"column":16}},{"start":{"line":115,"column":16},"end":{"line":115,"column":16}}]},"24":{"line":121,"type":"if","locations":[{"start":{"line":121,"column":16},"end":{"line":121,"column":16}},{"start":{"line":121,"column":16},"end":{"line":121,"column":16}}]},"25":{"line":121,"type":"binary-expr","locations":[{"start":{"line":121,"column":20},"end":{"line":121,"column":34}},{"start":{"line":121,"column":38},"end":{"line":121,"column":77}}]},"26":{"line":132,"type":"cond-expr","locations":[{"start":{"line":132,"column":95},"end":{"line":132,"column":107}},{"start":{"line":132,"column":110},"end":{"line":132,"column":120}}]},"27":{"line":132,"type":"binary-expr","locations":[{"start":{"line":132,"column":25},"end":{"line":132,"column":58}},{"start":{"line":132,"column":62},"end":{"line":132,"column":91}}]},"28":{"line":147,"type":"if","locations":[{"start":{"line":147,"column":8},"end":{"line":147,"column":8}},{"start":{"line":147,"column":8},"end":{"line":147,"column":8}}]},"29":{"line":167,"type":"if","locations":[{"start":{"line":167,"column":12},"end":{"line":167,"column":12}},{"start":{"line":167,"column":12},"end":{"line":167,"column":12}}]},"30":{"line":187,"type":"if","locations":[{"start":{"line":187,"column":12},"end":{"line":187,"column":12}},{"start":{"line":187,"column":12},"end":{"line":187,"column":12}}]},"31":{"line":205,"type":"cond-expr","locations":[{"start":{"line":205,"column":57},"end":{"line":205,"column":101}},{"start":{"line":205,"column":104},"end":{"line":205,"column":106}}]},"32":{"line":207,"type":"cond-expr","locations":[{"start":{"line":207,"column":88},"end":{"line":207,"column":101}},{"start":{"line":207,"column":104},"end":{"line":207,"column":111}}]},"33":{"line":207,"type":"binary-expr","locations":[{"start":{"line":207,"column":26},"end":{"line":207,"column":51}},{"start":{"line":207,"column":55},"end":{"line":207,"column":68}},{"start":{"line":207,"column":72},"end":{"line":207,"column":84}}]},"34":{"line":208,"type":"cond-expr","locations":[{"start":{"line":208,"column":54},"end":{"line":208,"column":59}},{"start":{"line":208,"column":62},"end":{"line":208,"column":77}}]},"35":{"line":228,"type":"if","locations":[{"start":{"line":228,"column":8},"end":{"line":228,"column":8}},{"start":{"line":228,"column":8},"end":{"line":228,"column":8}}]},"36":{"line":230,"type":"if","locations":[{"start":{"line":230,"column":12},"end":{"line":230,"column":12}},{"start":{"line":230,"column":12},"end":{"line":230,"column":12}}]},"37":{"line":231,"type":"cond-expr","locations":[{"start":{"line":231,"column":46},"end":{"line":231,"column":74}},{"start":{"line":231,"column":78},"end":{"line":231,"column":86}}]},"38":{"line":233,"type":"if","locations":[{"start":{"line":233,"column":19},"end":{"line":233,"column":19}},{"start":{"line":233,"column":19},"end":{"line":233,"column":19}}]},"39":{"line":234,"type":"cond-expr","locations":[{"start":{"line":234,"column":62},"end":{"line":234,"column":65}},{"start":{"line":234,"column":68},"end":{"line":234,"column":70}}]},"40":{"line":236,"type":"binary-expr","locations":[{"start":{"line":236,"column":33},"end":{"line":236,"column":41}},{"start":{"line":236,"column":45},"end":{"line":236,"column":47}}]},"41":{"line":240,"type":"if","locations":[{"start":{"line":240,"column":15},"end":{"line":240,"column":15}},{"start":{"line":240,"column":15},"end":{"line":240,"column":15}}]},"42":{"line":242,"type":"if","locations":[{"start":{"line":242,"column":12},"end":{"line":242,"column":12}},{"start":{"line":242,"column":12},"end":{"line":242,"column":12}}]},"43":{"line":244,"type":"if","locations":[{"start":{"line":244,"column":19},"end":{"line":244,"column":19}},{"start":{"line":244,"column":19},"end":{"line":244,"column":19}}]},"44":{"line":244,"type":"binary-expr","locations":[{"start":{"line":244,"column":23},"end":{"line":244,"column":56}},{"start":{"line":244,"column":60},"end":{"line":244,"column":73}}]},"45":{"line":245,"type":"cond-expr","locations":[{"start":{"line":245,"column":46},"end":{"line":245,"column":111}},{"start":{"line":245,"column":114},"end":{"line":245,"column":116}}]},"46":{"line":245,"type":"cond-expr","locations":[{"start":{"line":245,"column":96},"end":{"line":245,"column":100}},{"start":{"line":245,"column":103},"end":{"line":245,"column":106}}]},"47":{"line":247,"type":"binary-expr","locations":[{"start":{"line":247,"column":23},"end":{"line":247,"column":37}},{"start":{"line":247,"column":41},"end":{"line":247,"column":43}}]},"48":{"line":251,"type":"if","locations":[{"start":{"line":251,"column":15},"end":{"line":251,"column":15}},{"start":{"line":251,"column":15},"end":{"line":251,"column":15}}]},"49":{"line":253,"type":"if","locations":[{"start":{"line":253,"column":12},"end":{"line":253,"column":12}},{"start":{"line":253,"column":12},"end":{"line":253,"column":12}}]},"50":{"line":254,"type":"binary-expr","locations":[{"start":{"line":254,"column":49},"end":{"line":254,"column":66}},{"start":{"line":254,"column":70},"end":{"line":254,"column":73}}]},"51":{"line":255,"type":"if","locations":[{"start":{"line":255,"column":19},"end":{"line":255,"column":19}},{"start":{"line":255,"column":19},"end":{"line":255,"column":19}}]},"52":{"line":256,"type":"cond-expr","locations":[{"start":{"line":256,"column":63},"end":{"line":256,"column":66}},{"start":{"line":256,"column":69},"end":{"line":256,"column":71}}]},"53":{"line":271,"type":"if","locations":[{"start":{"line":271,"column":8},"end":{"line":271,"column":8}},{"start":{"line":271,"column":8},"end":{"line":271,"column":8}}]},"54":{"line":271,"type":"binary-expr","locations":[{"start":{"line":271,"column":12},"end":{"line":271,"column":24}},{"start":{"line":271,"column":28},"end":{"line":271,"column":40}}]},"55":{"line":285,"type":"binary-expr","locations":[{"start":{"line":285,"column":28},"end":{"line":285,"column":32}},{"start":{"line":285,"column":36},"end":{"line":285,"column":38}}]},"56":{"line":343,"type":"binary-expr","locations":[{"start":{"line":343,"column":33},"end":{"line":343,"column":51}},{"start":{"line":343,"column":55},"end":{"line":343,"column":79}},{"start":{"line":343,"column":83},"end":{"line":343,"column":121}}]},"57":{"line":344,"type":"cond-expr","locations":[{"start":{"line":344,"column":35},"end":{"line":344,"column":53}},{"start":{"line":344,"column":56},"end":{"line":344,"column":61}}]},"58":{"line":364,"type":"cond-expr","locations":[{"start":{"line":364,"column":51},"end":{"line":364,"column":60}},{"start":{"line":364,"column":64},"end":{"line":364,"column":120}}]},"59":{"line":364,"type":"cond-expr","locations":[{"start":{"line":364,"column":93},"end":{"line":364,"column":110}},{"start":{"line":364,"column":113},"end":{"line":364,"column":120}}]},"60":{"line":367,"type":"binary-expr","locations":[{"start":{"line":367,"column":30},"end":{"line":367,"column":37}},{"start":{"line":367,"column":41},"end":{"line":367,"column":62}}]},"61":{"line":396,"type":"binary-expr","locations":[{"start":{"line":396,"column":22},"end":{"line":396,"column":27}},{"start":{"line":396,"column":31},"end":{"line":396,"column":33}}]},"62":{"line":401,"type":"cond-expr","locations":[{"start":{"line":401,"column":60},"end":{"line":401,"column":77}},{"start":{"line":401,"column":80},"end":{"line":401,"column":81}}]},"63":{"line":401,"type":"binary-expr","locations":[{"start":{"line":401,"column":23},"end":{"line":401,"column":35}},{"start":{"line":401,"column":39},"end":{"line":401,"column":56}}]},"64":{"line":403,"type":"cond-expr","locations":[{"start":{"line":403,"column":40},"end":{"line":403,"column":65}},{"start":{"line":403,"column":68},"end":{"line":403,"column":77}}]},"65":{"line":413,"type":"if","locations":[{"start":{"line":413,"column":4},"end":{"line":413,"column":4}},{"start":{"line":413,"column":4},"end":{"line":413,"column":4}}]},"66":{"line":413,"type":"binary-expr","locations":[{"start":{"line":413,"column":8},"end":{"line":413,"column":41}},{"start":{"line":413,"column":45},"end":{"line":413,"column":69}}]},"67":{"line":418,"type":"if","locations":[{"start":{"line":418,"column":11},"end":{"line":418,"column":11}},{"start":{"line":418,"column":11},"end":{"line":418,"column":11}}]},"68":{"line":418,"type":"binary-expr","locations":[{"start":{"line":418,"column":15},"end":{"line":418,"column":41}},{"start":{"line":418,"column":45},"end":{"line":418,"column":79}}]},"69":{"line":424,"type":"cond-expr","locations":[{"start":{"line":424,"column":43},"end":{"line":424,"column":49}},{"start":{"line":424,"column":52},"end":{"line":424,"column":56}}]}},"code":["/****"," * Grapnel"," * https://github.com/baseprime/grapnel"," *"," * @author Greg Sabia Tucker <greg@narrowlabs.com>"," * @link http://basepri.me"," * @version 0.6.4"," *"," * Released under MIT License. See LICENSE.txt or http://opensource.org/licenses/MIT","*/","","!(function(root) {","","    function Grapnel(opts) {","        \"use strict\";","","        var self = this; // Scope reference","        this.events = {}; // Event Listeners","        this.state = null; // Router state object","        this.options = opts || {}; // Options","        this.options.env = this.options.env || (!!(Object.keys(root).length === 0 && process && process.browser !== true) ? 'server' : 'client');","        this.options.mode = this.options.mode || (!!(this.options.env !== 'server' && this.options.pushState && root.history && root.history.pushState) ? 'pushState' : 'hashchange');","        this.version = '0.6.4'; // Version","","        if ('function' === typeof root.addEventListener) {","            root.addEventListener('hashchange', function() {","                self.trigger('hashchange');","            });","","            root.addEventListener('popstate', function(e) {","                // Make sure popstate doesn't run on init -- this is a common issue with Safari and old versions of Chrome","                if (self.state && self.state.previousState === null) return false;","","                self.trigger('navigate');","            });","        }","","        return this;","    };","    /**","     * Create a RegExp Route from a string","     * This is the heart of the router and I've made it as small as possible!","     *","     * @param {String} Path of route","     * @param {Array} Array of keys to fill","     * @param {Bool} Case sensitive comparison","     * @param {Bool} Strict mode","     */","    Grapnel.regexRoute = function(path, keys, sensitive, strict) {","        if (path instanceof RegExp) return path;","        if (path instanceof Array) path = '(' + path.join('|') + ')';","        // Build route RegExp","        path = path.concat(strict ? '' : '/?')","            .replace(/\\/\\(/g, '(?:/')","            .replace(/\\+/g, '__plus__')","            .replace(/(\\/)?(\\.)?:(\\w+)(?:(\\(.*?\\)))?(\\?)?/g, function(_, slash, format, key, capture, optional) {","                keys.push({","                    name: key,","                    optional: !!optional","                });","                slash = slash || '';","","                return '' + (optional ? '' : slash) + '(?:' + (optional ? slash : '') + (format || '') + (capture || (format && '([^/.]+?)' || '([^/]+?)')) + ')' + (optional || '');","            })","            .replace(/([\\/.])/g, '\\\\$1')","            .replace(/__plus__/g, '(.+)')","            .replace(/\\*/g, '(.*)');","","        return new RegExp('^' + path + '$', sensitive ? '' : 'i');","    };","    /**","     * ForEach workaround utility","     *","     * @param {Array} to iterate","     * @param {Function} callback","     */","    Grapnel._forEach = function(a, callback) {","        if (typeof Array.prototype.forEach === 'function') return Array.prototype.forEach.call(a, callback);","        // Replicate forEach()","        return function(c, next) {","            for (var i = 0, n = this.length; i < n; ++i) {","                c.call(next, this[i], i, this);","            }","        }.call(a, callback);","    };","    /**","     * Add an route and handler","     *","     * @param {String|RegExp} route name","     * @return {self} Router","     */","    Grapnel.prototype.get = Grapnel.prototype.add = function(route) {","        var self = this,","            middleware = Array.prototype.slice.call(arguments, 1, -1),","            handler = Array.prototype.slice.call(arguments, -1)[0],","            request = new Request(route);","","        var invoke = function RouteHandler() {","            // Build request parameters","            var req = request.parse(self.path());","            // Check if matches are found","            if (req.match) {","                // Match found","                var extra = {","                    route: route,","                    params: req.params,","                    req: req,","                    regex: req.match","                };","                // Create call stack -- add middleware first, then handler","                var stack = new CallStack(self, extra).enqueue(middleware.concat(handler));","                // Trigger main event","                self.trigger('match', stack, req);","                // Continue?","                if (!stack.runCallback) return self;","                // Previous state becomes current state","                stack.previousState = self.state;","                // Save new state","                self.state = stack;","                // Prevent this handler from being called if parent handler in stack has instructed not to propagate any more events","                if (stack.parent() && stack.parent().propagateEvent === false) {","                    stack.propagateEvent = false;","                    return self;","                }","                // Call handler","                stack.callback();","            }","            // Returns self","            return self;","        };","        // Event name","        var eventName = (self.options.mode !== 'pushState' && self.options.env !== 'server') ? 'hashchange' : 'navigate';","        // Invoke when route is defined, and once again when app navigates","        return invoke().on(eventName, invoke);","    };","    /**","     * Fire an event listener","     *","     * @param {String} event name","     * @param {Mixed} [attributes] Parameters that will be applied to event handler","     * @return {self} Router","     */","    Grapnel.prototype.trigger = function(event) {","        var self = this,","            params = Array.prototype.slice.call(arguments, 1);","        // Call matching events","        if (this.events[event]) {","            Grapnel._forEach(this.events[event], function(fn) {","                fn.apply(self, params);","            });","        }","","        return this;","    };","    /**","     * Add an event listener","     *","     * @param {String} event name (multiple events can be called when separated by a space \" \")","     * @param {Function} callback","     * @return {self} Router","     */","    Grapnel.prototype.on = Grapnel.prototype.bind = function(event, handler) {","        var self = this,","            events = event.split(' ');","","        Grapnel._forEach(events, function(event) {","            if (self.events[event]) {","                self.events[event].push(handler);","            } else {","                self.events[event] = [handler];","            }","        });","","        return this;","    };","    /**","     * Allow event to be called only once","     *","     * @param {String} event name(s)","     * @param {Function} callback","     * @return {self} Router","     */","    Grapnel.prototype.once = function(event, handler) {","        var ran = false;","","        return this.on(event, function() {","            if (ran) return false;","            ran = true;","            handler.apply(this, arguments);","            handler = null;","            return true;","        });","    };","    /**","     * @param {String} Route context (without trailing slash)","     * @param {[Function]} Middleware (optional)","     * @return {Function} Adds route to context","     */","    Grapnel.prototype.context = function(context) {","        var self = this,","            middleware = Array.prototype.slice.call(arguments, 1);","","        return function() {","            var value = arguments[0],","                submiddleware = (arguments.length > 2) ? Array.prototype.slice.call(arguments, 1, -1) : [],","                handler = Array.prototype.slice.call(arguments, -1)[0],","                prefix = (context.slice(-1) !== '/' && value !== '/' && value !== '') ? context + '/' : context,","                path = (value.substr(0, 1) !== '/') ? value : value.substr(1),","                pattern = prefix + path;","","            return self.add.apply(self, [pattern].concat(middleware).concat(submiddleware).concat([handler]));","        }","    };","    /**","     * Navigate through history API","     *","     * @param {String} Pathname","     * @return {self} Router","     */","    Grapnel.prototype.navigate = function(path) {","        return this.path(path).trigger('navigate');","    };","","    Grapnel.prototype.path = function(pathname) {","        var self = this,","            frag;","","        if ('string' === typeof pathname) {","            // Set path","            if (self.options.mode === 'pushState') {","                frag = (self.options.root) ? (self.options.root + pathname) : pathname;","                root.history.pushState({}, null, frag);","            } else if (root.location) {","                root.location.hash = (self.options.hashBang ? '!' : '') + pathname;","            } else {","                root._pathname = pathname || '';","            }","","            return this;","        } else if ('undefined' === typeof pathname) {","            // Get path","            if (self.options.mode === 'pushState') {","                frag = root.location.pathname.replace(self.options.root, '');","            } else if (self.options.mode !== 'pushState' && root.location) {","                frag = (root.location.hash) ? root.location.hash.split((self.options.hashBang ? '#!' : '#'))[1] : '';","            } else {","                frag = root._pathname || '';","            }","","            return frag;","        } else if (pathname === false) {","            // Clear path","            if (self.options.mode === 'pushState') {","                root.history.pushState({}, null, self.options.root || '/');","            } else if (root.location) {","                root.location.hash = (self.options.hashBang) ? '!' : '';","            }","","            return self;","        }","    };","    /**","     * Create routes based on an object","     *","     * @param {Object} [Options, Routes]","     * @param {Object Routes}","     * @return {self} Router","     */","    Grapnel.listen = function() {","        var opts, routes;","        if (arguments[0] && arguments[1]) {","            opts = arguments[0];","            routes = arguments[1];","        } else {","            routes = arguments[0];","        }","        // Return a new Grapnel instance","        return (function() {","            // TODO: Accept multi-level routes","            for (var key in routes) {","                this.add.call(this, key, routes[key]);","            }","","            return this;","        }).call(new Grapnel(opts || {}));","    };","    /**","     * Create a call stack that can be enqueued by handlers and middleware","     *","     * @param {Object} Router","     * @param {Object} Extend","     * @return {self} CallStack","     */","    function CallStack(router, extendObj) {","        this.stack = CallStack.global.slice(0);","        this.router = router;","        this.runCallback = true;","        this.callbackRan = false;","        this.propagateEvent = true;","        this.value = router.path();","","        for (var key in extendObj) {","            this[key] = extendObj[key];","        }","","        return this;","    };","    /**","     * Build request parameters and allow them to be checked against a string (usually the current path)","     *","     * @param {String} Route","     * @return {self} Request ","     */","    function Request(route) {","        this.route = route;","        this.keys = [];","        this.regex = Grapnel.regexRoute(route, this.keys);","    };","    // This allows global middleware","    CallStack.global = [];","    /**","     * Prevent a callback from being called","     *","     * @return {self} CallStack ","     */","    CallStack.prototype.preventDefault = function() {","        this.runCallback = false;","    };","    /**","     * Prevent any future callbacks from being called","     *","     * @return {self} CallStack ","     */","    CallStack.prototype.stopPropagation = function() {","        this.propagateEvent = false;","    };","    /**","     * Get parent state","     *","     * @return {Object} Previous state ","     */","    CallStack.prototype.parent = function() {","        var hasParentEvents = !!(this.previousState && this.previousState.value && this.previousState.value == this.value);","        return (hasParentEvents) ? this.previousState : false;","    };","    /**","     * Run a callback (calls to next)","     *","     * @return {self} CallStack ","     */","    CallStack.prototype.callback = function() {","        this.callbackRan = true;","        this.timeStamp = Date.now();","        this.next();","    };","    /**","     * Add handler or middleware to the stack","     *","     * @param {Function|Array} Handler or a array of handlers","     * @param {Int} Index to start inserting","     * @return {self} CallStack ","     */","    CallStack.prototype.enqueue = function(handler, atIndex) {","        var handlers = (!Array.isArray(handler)) ? [handler] : ((atIndex < handler.length) ? handler.reverse() : handler);","","        while (handlers.length) {","            this.stack.splice(atIndex || this.stack.length + 1, 0, handlers.shift());","        }","","        return this;","    };","    /**","     * Call to next item in stack -- this adds the `req`, `event`, and `next()` arguments to all middleware","     *","     * @return {self} CallStack ","     */","    CallStack.prototype.next = function() {","        var self = this;","","        return this.stack.shift().call(this.router, this.req, this, function next() {","            self.next.call(self);","        });","    };","    /**","     * Match a path string -- returns a request object if there is a match -- returns false otherwise","     *","     * @return {Object} req","     */","    Request.prototype.parse = function(path) {","        var match = path.match(this.regex),","            self = this;","","        var req = {","            params: {},","            keys: this.keys,","            matches: (match || []).slice(1),","            match: match","        };","        // Build parameters","        Grapnel._forEach(req.matches, function(value, i) {","            var key = (self.keys[i] && self.keys[i].name) ? self.keys[i].name : i;","            // Parameter key will be its key or the iteration index. This is useful if a wildcard (*) is matched","            req.params[key] = (value) ? decodeURIComponent(value) : undefined;","        });","","        return req;","    };","","    // Append utility constructors to Grapnel","    Grapnel.CallStack = CallStack;","    Grapnel.Request = Request;","","    if ('function' === typeof root.define && !root.define.amd.grapnel) {","        root.define(function(require, exports, module) {","            root.define.amd.grapnel = true;","            return Grapnel;","        });","    } else if ('object' === typeof module && 'object' === typeof module.exports) {","        module.exports = exports = Grapnel;","    } else {","        root.Grapnel = Grapnel;","    }","","}).call({}, ('object' === typeof window) ? window : this);",""],"l":{"12":1,"14":1,"17":0,"18":0,"19":0,"20":0,"21":0,"22":0,"23":0,"25":0,"26":0,"27":0,"30":0,"32":0,"34":0,"38":0,"49":1,"50":0,"51":0,"53":0,"57":0,"61":0,"63":0,"69":0,"77":1,"78":0,"80":0,"81":0,"82":0,"92":1,"93":0,"98":0,"100":0,"102":0,"104":0,"111":0,"113":0,"115":0,"117":0,"119":0,"121":0,"122":0,"123":0,"126":0,"129":0,"132":0,"134":0,"143":1,"144":0,"147":0,"148":0,"149":0,"153":0,"162":1,"163":0,"166":0,"167":0,"168":0,"170":0,"174":0,"183":1,"184":0,"186":0,"187":0,"188":0,"189":0,"190":0,"191":0,"199":1,"200":0,"203":0,"204":0,"211":0,"220":1,"221":0,"224":1,"225":0,"228":0,"230":0,"231":0,"232":0,"233":0,"234":0,"236":0,"239":0,"240":0,"242":0,"243":0,"244":0,"245":0,"247":0,"250":0,"251":0,"253":0,"254":0,"255":0,"256":0,"259":0,"269":1,"270":0,"271":0,"272":0,"273":0,"275":0,"278":0,"280":0,"281":0,"284":0,"294":1,"295":0,"296":0,"297":0,"298":0,"299":0,"300":0,"302":0,"303":0,"306":0,"314":1,"315":0,"316":0,"317":0,"320":1,"326":1,"327":0,"334":1,"335":0,"342":1,"343":0,"344":0,"351":1,"352":0,"353":0,"354":0,"363":1,"364":0,"366":0,"367":0,"370":0,"377":1,"378":0,"380":0,"381":0,"389":1,"390":0,"393":0,"400":0,"401":0,"403":0,"406":0,"410":1,"411":1,"413":1,"414":0,"415":0,"416":0,"418":1,"419":1,"421":0}},"/home/travis/build/npmtest/node-npmtest-grapnel.js/node_modules/grapnel.js/Gruntfile.js":{"path":"/home/travis/build/npmtest/node-npmtest-grapnel.js/node_modules/grapnel.js/Gruntfile.js","s":{"1":1,"2":0,"3":0,"4":0,"5":0,"6":0},"b":{},"f":{"1":0},"fnMap":{"1":{"name":"(anonymous_1)","line":2,"loc":{"start":{"line":2,"column":17},"end":{"line":2,"column":32}}}},"statementMap":{"1":{"start":{"line":2,"column":0},"end":{"line":47,"column":1}},"2":{"start":{"line":4,"column":4},"end":{"line":39,"column":7}},"3":{"start":{"line":41,"column":4},"end":{"line":41,"column":47}},"4":{"start":{"line":42,"column":4},"end":{"line":42,"column":47}},"5":{"start":{"line":43,"column":4},"end":{"line":43,"column":46}},"6":{"start":{"line":45,"column":4},"end":{"line":45,"column":65}}},"branchMap":{},"code":["","module.exports = function(grunt){","","    grunt.initConfig({","        pkg: grunt.file.readJSON('package.json'),","        info : {","            banner : \"/****\\n\"+","                    \" * Grapnel\\n\"+","                    \" * https://github.com/baseprime/grapnel\\n\"+","                    \" *\\n\"+","                    \" * @author <%= pkg.author %>\\n\"+","                    \" * @link <%= pkg.link %>\\n\"+","                    \" * @version <%= pkg.version %>\\n\"+","                    \" *\\n\"+","                    \" * Released under MIT License. See LICENSE.txt or http://opensource.org/licenses/MIT\\n\"+","                    \"*/\\n\\n\"","        },","        uglify: {","            options: {","                banner: '<%= info.banner %>',","            },","            dist: {","                src: 'src/grapnel.js',","                dest : 'dist/grapnel.min.js'","            }","        },","        concat : {","            options : {","                banner : '<%= info.banner %>'","            },","            dist: {","                src: 'src/grapnel.js',","                dest : 'src/grapnel.js'","            }","        },","        qunit: {","            files: ['test/index.html']","        }","    });","","    grunt.loadNpmTasks('grunt-contrib-concat');","    grunt.loadNpmTasks('grunt-contrib-uglify');","    grunt.loadNpmTasks('grunt-contrib-qunit');","","    grunt.registerTask('default', ['uglify', 'concat', 'qunit']);","","}"],"l":{"2":1,"4":0,"41":0,"42":0,"43":0,"45":0}}}